<?xml version="1.0" encoding="UTF-8"?>
<coverage generated="1701129618730" clover="3.2.0">
  <project timestamp="1701129618730" name="All files">
    <metrics statements="210" coveredstatements="190" conditionals="139" coveredconditionals="112" methods="17" coveredmethods="16" elements="366" coveredelements="318" complexity="0" loc="210" ncloc="210" packages="1" files="8" classes="8"/>
    <file name="constants.mjs" path="/Users/zane/playground/liquid-labs/semver-plus/src/constants.mjs">
      <metrics statements="8" coveredstatements="8" conditionals="0" coveredconditionals="0" methods="0" coveredmethods="0"/>
      <line num="1" count="4" type="stmt"/>
      <line num="2" count="4" type="stmt"/>
      <line num="3" count="4" type="stmt"/>
      <line num="4" count="4" type="stmt"/>
      <line num="5" count="4" type="stmt"/>
      <line num="6" count="4" type="stmt"/>
      <line num="7" count="4" type="stmt"/>
      <line num="8" count="4" type="stmt"/>
    </file>
    <file name="ext-constants.mjs" path="/Users/zane/playground/liquid-labs/semver-plus/src/ext-constants.mjs">
      <metrics statements="6" coveredstatements="6" conditionals="0" coveredconditionals="0" methods="0" coveredmethods="0"/>
      <line num="1" count="2" type="stmt"/>
      <line num="15" count="2" type="stmt"/>
      <line num="16" count="2" type="stmt"/>
      <line num="18" count="2" type="stmt"/>
      <line num="19" count="2" type="stmt"/>
      <line num="20" count="2" type="stmt"/>
    </file>
    <file name="is-time-version.mjs" path="/Users/zane/playground/liquid-labs/semver-plus/src/is-time-version.mjs">
      <metrics statements="4" coveredstatements="4" conditionals="0" coveredconditionals="0" methods="1" coveredmethods="1"/>
      <line num="1" count="4" type="stmt"/>
      <line num="3" count="4" type="stmt"/>
      <line num="4" count="126" type="stmt"/>
      <line num="5" count="4" type="stmt"/>
    </file>
    <file name="next-version.mjs" path="/Users/zane/playground/liquid-labs/semver-plus/src/next-version.mjs">
      <metrics statements="58" coveredstatements="56" conditionals="65" coveredconditionals="58" methods="2" coveredmethods="2"/>
      <line num="1" count="2" type="stmt"/>
      <line num="2" count="2" type="stmt"/>
      <line num="4" count="2" type="stmt"/>
      <line num="5" count="2" type="stmt"/>
      <line num="6" count="2" type="stmt"/>
      <line num="8" count="2" type="cond" truecount="2" falsecount="0"/>
      <line num="9" count="14" type="stmt"/>
      <line num="18" count="14" type="stmt"/>
      <line num="21" count="2" type="stmt"/>
      <line num="40" count="2" type="cond" truecount="1" falsecount="0"/>
      <line num="41" count="84" type="cond" truecount="3" falsecount="0"/>
      <line num="43" count="83" type="cond" truecount="4" falsecount="0"/>
      <line num="47" count="83" type="stmt"/>
      <line num="48" count="83" type="cond" truecount="2" falsecount="0"/>
      <line num="49" count="33" type="cond" truecount="1" falsecount="0"/>
      <line num="50" count="1" type="stmt"/>
      <line num="53" count="82" type="cond" truecount="3" falsecount="0"/>
      <line num="54" count="4" type="stmt"/>
      <line num="56" count="78" type="cond" truecount="3" falsecount="0"/>
      <line num="57" count="6" type="stmt"/>
      <line num="60" count="72" type="cond" truecount="2" falsecount="1"/>
      <line num="61" count="72" type="stmt"/>
      <line num="65" count="72" type="cond" truecount="2" falsecount="0"/>
      <line num="66" count="6" type="cond" truecount="2" falsecount="0"/>
      <line num="67" count="4" type="cond" truecount="2" falsecount="0"/>
      <line num="68" count="2" type="cond" truecount="1" falsecount="0"/>
      <line num="69" count="2" type="cond" truecount="2" falsecount="0"/>
      <line num="70" count="1" type="stmt"/>
      <line num="73" count="1" type="stmt"/>
      <line num="77" count="6" type="stmt"/>
      <line num="79" count="66" type="cond" truecount="1" falsecount="0"/>
      <line num="80" count="11" type="cond" truecount="1" falsecount="1"/>
      <line num="83" count="11" type="stmt"/>
      <line num="84" count="11" type="cond" truecount="1" falsecount="0"/>
      <line num="85" count="5" type="cond" truecount="1" falsecount="1"/>
      <line num="88" count="6" type="cond" truecount="2" falsecount="0"/>
      <line num="89" count="3" type="cond" truecount="1" falsecount="1"/>
      <line num="90" count="3" type="stmt"/>
      <line num="93" count="0" type="stmt"/>
      <line num="96" count="3" type="cond" truecount="1" falsecount="1"/>
      <line num="97" count="3" type="stmt"/>
      <line num="100" count="0" type="stmt"/>
      <line num="103" count="6" type="stmt"/>
      <line num="106" count="55" type="cond" truecount="2" falsecount="0"/>
      <line num="108" count="45" type="cond" truecount="4" falsecount="0"/>
      <line num="113" count="10" type="stmt"/>
      <line num="115" count="10" type="stmt"/>
      <line num="116" count="10" type="cond" truecount="4" falsecount="0"/>
      <line num="117" count="10" type="cond" truecount="4" falsecount="0"/>
      <line num="118" count="3" type="stmt"/>
      <line num="120" count="7" type="cond" truecount="4" falsecount="0"/>
      <line num="121" count="3" type="cond" truecount="1" falsecount="1"/>
      <line num="122" count="3" type="stmt"/>
      <line num="123" count="3" type="stmt"/>
      <line num="124" count="3" type="stmt"/>
      <line num="127" count="4" type="cond" truecount="1" falsecount="1"/>
      <line num="131" count="55" type="stmt"/>
      <line num="132" count="2" type="stmt"/>
    </file>
    <file name="prerelease.mjs" path="/Users/zane/playground/liquid-labs/semver-plus/src/prerelease.mjs">
      <metrics statements="12" coveredstatements="12" conditionals="4" coveredconditionals="4" methods="1" coveredmethods="1"/>
      <line num="1" count="1" type="stmt"/>
      <line num="3" count="1" type="stmt"/>
      <line num="4" count="1" type="stmt"/>
      <line num="6" count="1" type="stmt"/>
      <line num="7" count="6" type="cond" truecount="2" falsecount="0"/>
      <line num="8" count="3" type="stmt"/>
      <line num="9" count="3" type="stmt"/>
      <line num="10" count="3" type="cond" truecount="2" falsecount="0"/>
      <line num="11" count="2" type="stmt"/>
      <line num="13" count="1" type="stmt"/>
      <line num="16" count="3" type="stmt"/>
      <line num="18" count="1" type="stmt"/>
    </file>
    <file name="version-compare.mjs" path="/Users/zane/playground/liquid-labs/semver-plus/src/version-compare.mjs">
      <metrics statements="45" coveredstatements="44" conditionals="24" coveredconditionals="23" methods="8" coveredmethods="8"/>
      <line num="1" count="1" type="stmt"/>
      <line num="3" count="1" type="stmt"/>
      <line num="4" count="1" type="stmt"/>
      <line num="5" count="1" type="stmt"/>
      <line num="7" count="1" type="stmt"/>
      <line num="9" count="24" type="stmt"/>
      <line num="10" count="46" type="stmt"/>
      <line num="11" count="46" type="cond" truecount="2" falsecount="0"/>
      <line num="12" count="24" type="stmt"/>
      <line num="14" count="22" type="cond" truecount="2" falsecount="0"/>
      <line num="15" count="16" type="cond" truecount="1" falsecount="0"/>
      <line num="16" count="8" type="stmt"/>
      <line num="20" count="6" type="cond" truecount="1" falsecount="0"/>
      <line num="21" count="3" type="stmt"/>
      <line num="26" count="24" type="stmt"/>
      <line num="29" count="1" type="stmt"/>
      <line num="30" count="14" type="cond" truecount="3" falsecount="0"/>
      <line num="31" count="1" type="stmt"/>
      <line num="34" count="13" type="stmt"/>
      <line num="36" count="12" type="stmt"/>
      <line num="37" count="1" type="stmt"/>
      <line num="39" count="1" type="stmt"/>
      <line num="40" count="14" type="cond" truecount="3" falsecount="0"/>
      <line num="41" count="1" type="stmt"/>
      <line num="44" count="13" type="stmt"/>
      <line num="46" count="12" type="stmt"/>
      <line num="47" count="1" type="stmt"/>
      <line num="49" count="1" type="stmt"/>
      <line num="50" count="26" type="cond" truecount="3" falsecount="0"/>
      <line num="51" count="26" type="stmt"/>
      <line num="52" count="62" type="stmt"/>
      <line num="53" count="62" type="cond" truecount="2" falsecount="0"/>
      <line num="54" count="32" type="stmt"/>
      <line num="57" count="30" type="stmt"/>
      <line num="61" count="4" type="cond" truecount="1" falsecount="1"/>
      <line num="62" count="4" type="stmt"/>
      <line num="65" count="0" type="stmt"/>
      <line num="71" count="26" type="stmt"/>
      <line num="72" count="62" type="cond" truecount="2" falsecount="0"/>
      <line num="76" count="62" type="cond" truecount="1" falsecount="0"/>
      <line num="77" count="14" type="cond" truecount="2" falsecount="0"/>
      <line num="78" count="12" type="stmt"/>
      <line num="81" count="2" type="stmt"/>
      <line num="85" count="48" type="stmt"/>
      <line num="88" count="24" type="stmt"/>
    </file>
    <file name="version-style.mjs" path="/Users/zane/playground/liquid-labs/semver-plus/src/version-style.mjs">
      <metrics statements="9" coveredstatements="9" conditionals="5" coveredconditionals="5" methods="1" coveredmethods="1"/>
      <line num="1" count="3" type="stmt"/>
      <line num="3" count="3" type="stmt"/>
      <line num="4" count="3" type="stmt"/>
      <line num="6" count="3" type="stmt"/>
      <line num="7" count="102" type="cond" truecount="2" falsecount="0"/>
      <line num="9" count="102" type="cond" truecount="3" falsecount="0"/>
      <line num="10" count="4" type="stmt"/>
      <line num="13" count="98" type="stmt"/>
      <line num="14" count="3" type="stmt"/>
    </file>
    <file name="x-sort.mjs" path="/Users/zane/playground/liquid-labs/semver-plus/src/x-sort.mjs">
      <metrics statements="68" coveredstatements="51" conditionals="41" coveredconditionals="22" methods="4" coveredmethods="3"/>
      <line num="1" count="1" type="stmt"/>
      <line num="3" count="1" type="stmt"/>
      <line num="5" count="1" type="stmt"/>
      <line num="6" count="13" type="stmt"/>
      <line num="7" count="13" type="stmt"/>
      <line num="10" count="38" type="stmt"/>
      <line num="12" count="13" type="stmt"/>
      <line num="13" count="38" type="stmt"/>
      <line num="14" count="38" type="cond" truecount="2" falsecount="0"/>
      <line num="15" count="20" type="stmt"/>
      <line num="18" count="18" type="stmt"/>
      <line num="19" count="18" type="cond" truecount="1" falsecount="1"/>
      <line num="20" count="18" type="stmt"/>
      <line num="23" count="0" type="stmt"/>
      <line num="28" count="13" type="stmt"/>
      <line num="30" count="13" type="stmt"/>
      <line num="32" count="16" type="cond" truecount="1" falsecount="1"/>
      <line num="33" count="16" type="cond" truecount="1" falsecount="0"/>
      <line num="35" count="9" type="stmt"/>
      <line num="36" count="9" type="stmt"/>
      <line num="38" count="9" type="stmt"/>
      <line num="39" count="9" type="cond" truecount="2" falsecount="0"/>
      <line num="40" count="1" type="stmt"/>
      <line num="43" count="8" type="stmt"/>
      <line num="44" count="8" type="stmt"/>
      <line num="45" count="8" type="cond" truecount="2" falsecount="2"/>
      <line num="46" count="8" type="cond" truecount="1" falsecount="1"/>
      <line num="47" count="8" type="cond" truecount="0" falsecount="1"/>
      <line num="49" count="8" type="stmt"/>
      <line num="50" count="8" type="stmt"/>
      <line num="51" count="8" type="cond" truecount="3" falsecount="1"/>
      <line num="52" count="8" type="cond" truecount="2" falsecount="0"/>
      <line num="53" count="1" type="cond" truecount="1" falsecount="0"/>
      <line num="55" count="0" type="stmt"/>
      <line num="56" count="0" type="stmt"/>
      <line num="57" count="0" type="cond" truecount="0" falsecount="4"/>
      <line num="58" count="0" type="cond" truecount="0" falsecount="2"/>
      <line num="59" count="0" type="cond" truecount="0" falsecount="1"/>
      <line num="61" count="0" type="stmt"/>
      <line num="62" count="0" type="stmt"/>
      <line num="64" count="0" type="stmt"/>
      <line num="65" count="0" type="stmt"/>
      <line num="69" count="13" type="cond" truecount="2" falsecount="0"/>
      <line num="70" count="1" type="stmt"/>
      <line num="72" count="12" type="cond" truecount="1" falsecount="0"/>
      <line num="73" count="5" type="stmt"/>
      <line num="76" count="7" type="stmt"/>
      <line num="78" count="7" type="stmt"/>
      <line num="79" count="7" type="stmt"/>
      <line num="80" count="15" type="cond" truecount="1" falsecount="0"/>
      <line num="81" count="8" type="stmt"/>
      <line num="82" count="8" type="stmt"/>
      <line num="85" count="7" type="stmt"/>
      <line num="86" count="7" type="cond" truecount="1" falsecount="1"/>
      <line num="87" count="7" type="stmt"/>
      <line num="91" count="7" type="stmt"/>
      <line num="92" count="7" type="cond" truecount="1" falsecount="1"/>
      <line num="93" count="7" type="stmt"/>
      <line num="94" count="7" type="stmt"/>
      <line num="97" count="0" type="stmt"/>
      <line num="100" count="0" type="cond" truecount="0" falsecount="2"/>
      <line num="101" count="0" type="stmt"/>
      <line num="102" count="0" type="stmt"/>
      <line num="104" count="0" type="cond" truecount="0" falsecount="1"/>
      <line num="105" count="0" type="stmt"/>
      <line num="106" count="0" type="stmt"/>
      <line num="110" count="7" type="stmt"/>
      <line num="111" count="1" type="stmt"/>
    </file>
  </project>
</coverage>
