<?xml version="1.0" encoding="UTF-8"?>
<coverage generated="1760251751204" clover="3.2.0">
  <project timestamp="1760251751204" name="All files">
    <metrics statements="176" coveredstatements="164" conditionals="112" coveredconditionals="100" methods="20" coveredmethods="16" elements="308" coveredelements="280" complexity="0" loc="176" ncloc="176" packages="1" files="10" classes="10"/>
    <file name="constants.mjs" path="/Users/zane/playground/liquid-labs/semver-plus/src/constants.mjs">
      <metrics statements="2" coveredstatements="2" conditionals="0" coveredconditionals="0" methods="0" coveredmethods="0"/>
      <line num="1" count="4" type="stmt"/>
      <line num="5" count="4" type="stmt"/>
    </file>
    <file name="ext-constants.mjs" path="/Users/zane/playground/liquid-labs/semver-plus/src/ext-constants.mjs">
      <metrics statements="8" coveredstatements="8" conditionals="0" coveredconditionals="0" methods="0" coveredmethods="0"/>
      <line num="1" count="1" type="stmt"/>
      <line num="16" count="1" type="stmt"/>
      <line num="17" count="1" type="stmt"/>
      <line num="18" count="1" type="stmt"/>
      <line num="20" count="1" type="stmt"/>
      <line num="21" count="1" type="stmt"/>
      <line num="22" count="1" type="stmt"/>
      <line num="23" count="1" type="stmt"/>
    </file>
    <file name="filter-valid-version-or-range.mjs" path="/Users/zane/playground/liquid-labs/semver-plus/src/filter-valid-version-or-range.mjs">
      <metrics statements="4" coveredstatements="3" conditionals="1" coveredconditionals="0" methods="3" coveredmethods="2"/>
      <line num="1" count="1" type="stmt"/>
      <line num="3" count="1" type="stmt"/>
      <line num="4" count="0" type="cond" truecount="0" falsecount="1"/>
      <line num="6" count="10" type="stmt"/>
    </file>
    <file name="min-version.mjs" path="/Users/zane/playground/liquid-labs/semver-plus/src/min-version.mjs">
      <metrics statements="10" coveredstatements="9" conditionals="3" coveredconditionals="3" methods="1" coveredmethods="1"/>
      <line num="1" count="1" type="stmt"/>
      <line num="3" count="1" type="stmt"/>
      <line num="5" count="1" type="stmt"/>
      <line num="8" count="13" type="cond" truecount="2" falsecount="0"/>
      <line num="9" count="6" type="stmt"/>
      <line num="12" count="7" type="stmt"/>
      <line num="13" count="7" type="cond" truecount="1" falsecount="0"/>
      <line num="14" count="7" type="stmt"/>
      <line num="18" count="0" type="stmt"/>
      <line num="19" count="1" type="stmt"/>
    </file>
    <file name="next-version.mjs" path="/Users/zane/playground/liquid-labs/semver-plus/src/next-version.mjs">
      <metrics statements="45" coveredstatements="45" conditionals="51" coveredconditionals="50" methods="1" coveredmethods="1"/>
      <line num="1" count="1" type="stmt"/>
      <line num="2" count="1" type="stmt"/>
      <line num="4" count="1" type="stmt"/>
      <line num="24" count="1" type="stmt"/>
      <line num="25" count="47" type="cond" truecount="1" falsecount="0"/>
      <line num="26" count="4" type="cond" truecount="1" falsecount="1"/>
      <line num="27" count="4" type="stmt"/>
      <line num="30" count="43" type="cond" truecount="3" falsecount="0"/>
      <line num="31" count="1" type="stmt"/>
      <line num="33" count="42" type="stmt"/>
      <line num="34" count="42" type="stmt"/>
      <line num="36" count="42" type="cond" truecount="4" falsecount="0"/>
      <line num="41" count="42" type="stmt"/>
      <line num="42" count="42" type="cond" truecount="2" falsecount="0"/>
      <line num="45" count="42" type="cond" truecount="2" falsecount="0"/>
      <line num="46" count="42" type="cond" truecount="2" falsecount="0"/>
      <line num="49" count="42" type="stmt"/>
      <line num="52" count="42" type="cond" truecount="3" falsecount="0"/>
      <line num="53" count="1" type="stmt"/>
      <line num="55" count="41" type="cond" truecount="4" falsecount="0"/>
      <line num="56" count="2" type="stmt"/>
      <line num="58" count="39" type="cond" truecount="4" falsecount="0"/>
      <line num="59" count="8" type="stmt"/>
      <line num="60" count="8" type="stmt"/>
      <line num="61" count="8" type="cond" truecount="1" falsecount="0"/>
      <line num="62" count="5" type="stmt"/>
      <line num="65" count="31" type="cond" truecount="4" falsecount="0"/>
      <line num="66" count="3" type="stmt"/>
      <line num="68" count="28" type="cond" truecount="3" falsecount="0"/>
      <line num="69" count="6" type="stmt"/>
      <line num="73" count="25" type="cond" truecount="2" falsecount="0"/>
      <line num="74" count="4" type="cond" truecount="2" falsecount="0"/>
      <line num="75" count="3" type="cond" truecount="2" falsecount="0"/>
      <line num="76" count="2" type="cond" truecount="1" falsecount="0"/>
      <line num="77" count="2" type="stmt"/>
      <line num="80" count="4" type="stmt"/>
      <line num="82" count="21" type="cond" truecount="2" falsecount="0"/>
      <line num="83" count="6" type="cond" truecount="2" falsecount="0"/>
      <line num="84" count="3" type="stmt"/>
      <line num="87" count="3" type="stmt"/>
      <line num="90" count="6" type="stmt"/>
      <line num="92" count="15" type="cond" truecount="3" falsecount="0"/>
      <line num="94" count="3" type="stmt"/>
      <line num="97" count="12" type="stmt"/>
      <line num="105" count="1" type="stmt"/>
    </file>
    <file name="prerelease.mjs" path="/Users/zane/playground/liquid-labs/semver-plus/src/prerelease.mjs">
      <metrics statements="4" coveredstatements="4" conditionals="0" coveredconditionals="0" methods="1" coveredmethods="1"/>
      <line num="1" count="1" type="stmt"/>
      <line num="3" count="1" type="stmt"/>
      <line num="4" count="3" type="stmt"/>
      <line num="5" count="1" type="stmt"/>
    </file>
    <file name="upper-bound.mjs" path="/Users/zane/playground/liquid-labs/semver-plus/src/upper-bound.mjs">
      <metrics statements="9" coveredstatements="8" conditionals="5" coveredconditionals="4" methods="1" coveredmethods="1"/>
      <line num="1" count="2" type="stmt"/>
      <line num="10" count="2" type="cond" truecount="2" falsecount="0"/>
      <line num="11" count="47" type="stmt"/>
      <line num="12" count="47" type="cond" truecount="0" falsecount="1"/>
      <line num="13" count="0" type="stmt"/>
      <line num="16" count="47" type="stmt"/>
      <line num="17" count="47" type="stmt"/>
      <line num="19" count="47" type="cond" truecount="2" falsecount="0"/>
      <line num="20" count="2" type="stmt"/>
    </file>
    <file name="valid-version-or-range.mjs" path="/Users/zane/playground/liquid-labs/semver-plus/src/valid-version-or-range.mjs">
      <metrics statements="6" coveredstatements="5" conditionals="11" coveredconditionals="10" methods="2" coveredmethods="1"/>
      <line num="1" count="2" type="stmt"/>
      <line num="3" count="2" type="stmt"/>
      <line num="5" count="2" type="stmt"/>
      <line num="8" count="0" type="cond" truecount="0" falsecount="1"/>
      <line num="11" count="16" type="cond" truecount="7" falsecount="0"/>
      <line num="13" count="2" type="stmt"/>
    </file>
    <file name="version-compare.mjs" path="/Users/zane/playground/liquid-labs/semver-plus/src/version-compare.mjs">
      <metrics statements="30" coveredstatements="30" conditionals="12" coveredconditionals="12" methods="7" coveredmethods="5"/>
      <line num="1" count="1" type="stmt"/>
      <line num="3" count="1" type="stmt"/>
      <line num="5" count="14" type="stmt"/>
      <line num="6" count="30" type="stmt"/>
      <line num="7" count="30" type="cond" truecount="2" falsecount="0"/>
      <line num="8" count="14" type="stmt"/>
      <line num="10" count="16" type="cond" truecount="1" falsecount="0"/>
      <line num="11" count="8" type="stmt"/>
      <line num="15" count="14" type="stmt"/>
      <line num="18" count="1" type="stmt"/>
      <line num="19" count="9" type="cond" truecount="3" falsecount="0"/>
      <line num="20" count="1" type="stmt"/>
      <line num="23" count="8" type="stmt"/>
      <line num="25" count="7" type="stmt"/>
      <line num="26" count="1" type="stmt"/>
      <line num="28" count="1" type="stmt"/>
      <line num="29" count="9" type="cond" truecount="3" falsecount="0"/>
      <line num="30" count="1" type="stmt"/>
      <line num="33" count="8" type="stmt"/>
      <line num="35" count="7" type="stmt"/>
      <line num="36" count="1" type="stmt"/>
      <line num="38" count="1" type="stmt"/>
      <line num="39" count="16" type="stmt"/>
      <line num="40" count="38" type="stmt"/>
      <line num="42" count="38" type="cond" truecount="1" falsecount="0"/>
      <line num="43" count="6" type="cond" truecount="2" falsecount="0"/>
      <line num="44" count="4" type="stmt"/>
      <line num="47" count="2" type="stmt"/>
      <line num="51" count="32" type="stmt"/>
      <line num="54" count="14" type="stmt"/>
    </file>
    <file name="x-sort.mjs" path="/Users/zane/playground/liquid-labs/semver-plus/src/x-sort.mjs">
      <metrics statements="58" coveredstatements="50" conditionals="29" coveredconditionals="21" methods="4" coveredmethods="4"/>
      <line num="1" count="1" type="stmt"/>
      <line num="3" count="1" type="stmt"/>
      <line num="4" count="1" type="stmt"/>
      <line num="9" count="1" type="stmt"/>
      <line num="11" count="16" type="stmt"/>
      <line num="12" count="16" type="stmt"/>
      <line num="15" count="47" type="stmt"/>
      <line num="17" count="16" type="stmt"/>
      <line num="18" count="47" type="cond" truecount="2" falsecount="0"/>
      <line num="19" count="26" type="stmt"/>
      <line num="22" count="21" type="stmt"/>
      <line num="23" count="21" type="cond" truecount="1" falsecount="1"/>
      <line num="24" count="21" type="stmt"/>
      <line num="27" count="0" type="stmt"/>
      <line num="28" count="0" type="cond" truecount="0" falsecount="2"/>
      <line num="29" count="0" type="stmt"/>
      <line num="32" count="0" type="stmt"/>
      <line num="38" count="16" type="stmt"/>
      <line num="40" count="16" type="stmt"/>
      <line num="41" count="20" type="stmt"/>
      <line num="42" count="20" type="stmt"/>
      <line num="44" count="20" type="cond" truecount="1" falsecount="1"/>
      <line num="45" count="0" type="stmt"/>
      <line num="47" count="20" type="cond" truecount="2" falsecount="0"/>
      <line num="48" count="7" type="stmt"/>
      <line num="50" count="13" type="cond" truecount="2" falsecount="2"/>
      <line num="51" count="0" type="stmt"/>
      <line num="53" count="13" type="cond" truecount="1" falsecount="1"/>
      <line num="54" count="0" type="stmt"/>
      <line num="56" count="13" type="cond" truecount="1" falsecount="1"/>
      <line num="57" count="0" type="stmt"/>
      <line num="60" count="13" type="stmt"/>
      <line num="64" count="16" type="cond" truecount="2" falsecount="0"/>
      <line num="65" count="3" type="stmt"/>
      <line num="67" count="13" type="cond" truecount="1" falsecount="0"/>
      <line num="68" count="4" type="stmt"/>
      <line num="71" count="9" type="stmt"/>
      <line num="73" count="9" type="stmt"/>
      <line num="74" count="9" type="stmt"/>
      <line num="75" count="19" type="cond" truecount="1" falsecount="0"/>
      <line num="76" count="9" type="stmt"/>
      <line num="77" count="9" type="stmt"/>
      <line num="80" count="10" type="stmt"/>
      <line num="81" count="10" type="cond" truecount="2" falsecount="0"/>
      <line num="82" count="8" type="stmt"/>
      <line num="86" count="8" type="stmt"/>
      <line num="87" count="8" type="cond" truecount="2" falsecount="0"/>
      <line num="88" count="7" type="stmt"/>
      <line num="89" count="7" type="stmt"/>
      <line num="92" count="1" type="stmt"/>
      <line num="95" count="2" type="cond" truecount="2" falsecount="0"/>
      <line num="96" count="1" type="stmt"/>
      <line num="97" count="1" type="stmt"/>
      <line num="99" count="1" type="cond" truecount="1" falsecount="0"/>
      <line num="100" count="1" type="stmt"/>
      <line num="101" count="1" type="stmt"/>
      <line num="105" count="9" type="stmt"/>
      <line num="106" count="1" type="stmt"/>
    </file>
  </project>
</coverage>
