{"/Users/zane/.liq/playground/liquid-labs/semver-plus/src/constants.mjs": {"path":"/Users/zane/.liq/playground/liquid-labs/semver-plus/src/constants.mjs","statementMap":{"0":{"start":{"line":1,"column":25},"end":{"line":1,"column":36}},"1":{"start":{"line":2,"column":26},"end":{"line":2,"column":38}},"2":{"start":{"line":3,"column":23},"end":{"line":3,"column":32}},"3":{"start":{"line":4,"column":26},"end":{"line":4,"column":79}},"4":{"start":{"line":5,"column":29},"end":{"line":5,"column":33}},"5":{"start":{"line":6,"column":29},"end":{"line":6,"column":33}},"6":{"start":{"line":7,"column":32},"end":{"line":7,"column":36}},"7":{"start":{"line":8,"column":31},"end":{"line":8,"column":35}}},"fnMap":{},"branchMap":{},"s":{"0":3,"1":3,"2":3,"3":3,"4":3,"5":3,"6":3,"7":3},"f":{},"b":{}}
,"/Users/zane/.liq/playground/liquid-labs/semver-plus/src/ext-constants.mjs": {"path":"/Users/zane/.liq/playground/liquid-labs/semver-plus/src/ext-constants.mjs","statementMap":{"0":{"start":{"line":1,"column":23},"end":{"line":13,"column":null}},"1":{"start":{"line":15,"column":33},"end":{"line":15,"column":92}},"2":{"start":{"line":16,"column":25},"end":{"line":16,"column":59}},"3":{"start":{"line":18,"column":0},"end":{"line":18,"column":null}},"4":{"start":{"line":19,"column":0},"end":{"line":19,"column":null}},"5":{"start":{"line":20,"column":0},"end":{"line":20,"column":null}}},"fnMap":{},"branchMap":{},"s":{"0":1,"1":1,"2":1,"3":1,"4":1,"5":1},"f":{},"b":{}}
,"/Users/zane/.liq/playground/liquid-labs/semver-plus/src/is-time-version.mjs": {"path":"/Users/zane/.liq/playground/liquid-labs/semver-plus/src/is-time-version.mjs","statementMap":{"0":{"start":{"line":1,"column":0},"end":{"line":1,"column":null}},"1":{"start":{"line":3,"column":23},"end":{"line":5,"column":1}},"2":{"start":{"line":4,"column":2},"end":{"line":4,"column":null}},"3":{"start":{"line":5,"column":1},"end":{"line":5,"column":null}}},"fnMap":{"0":{"name":"(anonymous_0)","decl":{"start":{"line":3,"column":23},"end":{"line":3,"column":30}},"loc":{"start":{"line":3,"column":35},"end":{"line":5,"column":1}}}},"branchMap":{},"s":{"0":3,"1":3,"2":94,"3":3},"f":{"0":94},"b":{}}
,"/Users/zane/.liq/playground/liquid-labs/semver-plus/src/next-version.mjs": {"path":"/Users/zane/.liq/playground/liquid-labs/semver-plus/src/next-version.mjs","statementMap":{"0":{"start":{"line":1,"column":0},"end":{"line":1,"column":null}},"1":{"start":{"line":2,"column":0},"end":{"line":2,"column":null}},"2":{"start":{"line":4,"column":0},"end":{"line":4,"column":null}},"3":{"start":{"line":5,"column":0},"end":{"line":5,"column":null}},"4":{"start":{"line":6,"column":0},"end":{"line":6,"column":null}},"5":{"start":{"line":8,"column":15},"end":{"line":19,"column":1}},"6":{"start":{"line":9,"column":20},"end":{"line":16,"column":9}},"7":{"start":{"line":18,"column":2},"end":{"line":18,"column":null}},"8":{"start":{"line":21,"column":0},"end":{"line":21,"column":null}},"9":{"start":{"line":40,"column":20},"end":{"line":132,"column":1}},"10":{"start":{"line":41,"column":2},"end":{"line":41,"column":null}},"11":{"start":{"line":41,"column":68},"end":{"line":41,"column":144}},"12":{"start":{"line":43,"column":2},"end":{"line":43,"column":null}},"13":{"start":{"line":47,"column":23},"end":{"line":47,"column":101}},"14":{"start":{"line":48,"column":2},"end":{"line":51,"column":null}},"15":{"start":{"line":48,"column":34},"end":{"line":48,"column":null}},"16":{"start":{"line":49,"column":7},"end":{"line":51,"column":null}},"17":{"start":{"line":50,"column":4},"end":{"line":50,"column":null}},"18":{"start":{"line":53,"column":2},"end":{"line":55,"column":null}},"19":{"start":{"line":54,"column":4},"end":{"line":54,"column":null}},"20":{"start":{"line":56,"column":2},"end":{"line":58,"column":null}},"21":{"start":{"line":57,"column":4},"end":{"line":57,"column":null}},"22":{"start":{"line":60,"column":2},"end":{"line":62,"column":null}},"23":{"start":{"line":61,"column":4},"end":{"line":61,"column":null}},"24":{"start":{"line":65,"column":2},"end":{"line":104,"column":null}},"25":{"start":{"line":66,"column":4},"end":{"line":75,"column":null}},"26":{"start":{"line":66,"column":36},"end":{"line":66,"column":null}},"27":{"start":{"line":67,"column":9},"end":{"line":75,"column":null}},"28":{"start":{"line":67,"column":40},"end":{"line":67,"column":null}},"29":{"start":{"line":68,"column":9},"end":{"line":75,"column":null}},"30":{"start":{"line":69,"column":6},"end":{"line":74,"column":null}},"31":{"start":{"line":70,"column":8},"end":{"line":70,"column":null}},"32":{"start":{"line":73,"column":8},"end":{"line":73,"column":null}},"33":{"start":{"line":77,"column":4},"end":{"line":77,"column":19}},"34":{"start":{"line":79,"column":7},"end":{"line":104,"column":null}},"35":{"start":{"line":80,"column":32},"end":{"line":82,"column":44}},"36":{"start":{"line":83,"column":30},"end":{"line":83,"column":61}},"37":{"start":{"line":84,"column":4},"end":{"line":86,"column":null}},"38":{"start":{"line":85,"column":6},"end":{"line":85,"column":null}},"39":{"start":{"line":88,"column":4},"end":{"line":101,"column":null}},"40":{"start":{"line":89,"column":6},"end":{"line":94,"column":null}},"41":{"start":{"line":90,"column":8},"end":{"line":90,"column":null}},"42":{"start":{"line":93,"column":8},"end":{"line":93,"column":null}},"43":{"start":{"line":96,"column":9},"end":{"line":101,"column":null}},"44":{"start":{"line":97,"column":6},"end":{"line":97,"column":null}},"45":{"start":{"line":100,"column":6},"end":{"line":100,"column":null}},"46":{"start":{"line":103,"column":4},"end":{"line":103,"column":null}},"47":{"start":{"line":106,"column":2},"end":{"line":129,"column":null}},"48":{"start":{"line":108,"column":4},"end":{"line":110,"column":null}},"49":{"start":{"line":113,"column":22},"end":{"line":113,"column":38}},"50":{"start":{"line":115,"column":24},"end":{"line":115,"column":42}},"51":{"start":{"line":116,"column":22},"end":{"line":116,"column":116}},"52":{"start":{"line":117,"column":4},"end":{"line":128,"column":null}},"53":{"start":{"line":118,"column":6},"end":{"line":118,"column":null}},"54":{"start":{"line":120,"column":9},"end":{"line":128,"column":null}},"55":{"start":{"line":121,"column":35},"end":{"line":121,"column":98}},"56":{"start":{"line":122,"column":29},"end":{"line":122,"column":59}},"57":{"start":{"line":123,"column":23},"end":{"line":123,"column":50}},"58":{"start":{"line":124,"column":6},"end":{"line":124,"column":null}},"59":{"start":{"line":127,"column":6},"end":{"line":127,"column":null}},"60":{"start":{"line":131,"column":2},"end":{"line":131,"column":null}},"61":{"start":{"line":132,"column":1},"end":{"line":132,"column":null}}},"fnMap":{"0":{"name":"(anonymous_3)","decl":{"start":{"line":8,"column":15},"end":{"line":8,"column":16}},"loc":{"start":{"line":8,"column":47},"end":{"line":19,"column":1}}},"1":{"name":"(anonymous_4)","decl":{"start":{"line":40,"column":20},"end":{"line":40,"column":21}},"loc":{"start":{"line":40,"column":74},"end":{"line":132,"column":1}}}},"branchMap":{"0":{"loc":{"start":{"line":8,"column":16},"end":{"line":8,"column":42}},"type":"default-arg","locations":[{"start":{"line":8,"column":40},"end":{"line":8,"column":42}}]},"1":{"loc":{"start":{"line":8,"column":18},"end":{"line":8,"column":36}},"type":"default-arg","locations":[{"start":{"line":8,"column":25},"end":{"line":8,"column":36}}]},"2":{"loc":{"start":{"line":40,"column":49},"end":{"line":40,"column":68}},"type":"default-arg","locations":[{"start":{"line":40,"column":57},"end":{"line":40,"column":68}}]},"3":{"loc":{"start":{"line":41,"column":2},"end":{"line":41,"column":null}},"type":"if","locations":[{"start":{"line":41,"column":2},"end":{"line":41,"column":null}}]},"4":{"loc":{"start":{"line":41,"column":6},"end":{"line":41,"column":64}},"type":"binary-expr","locations":[{"start":{"line":41,"column":6},"end":{"line":41,"column":29}},{"start":{"line":41,"column":33},"end":{"line":41,"column":64}}]},"5":{"loc":{"start":{"line":43,"column":14},"end":{"line":43,"column":81}},"type":"binary-expr","locations":[{"start":{"line":43,"column":14},"end":{"line":43,"column":23}},{"start":{"line":43,"column":28},"end":{"line":43,"column":80}}]},"6":{"loc":{"start":{"line":43,"column":28},"end":{"line":43,"column":80}},"type":"cond-expr","locations":[{"start":{"line":43,"column":58},"end":{"line":43,"column":65}},{"start":{"line":43,"column":68},"end":{"line":43,"column":80}}]},"7":{"loc":{"start":{"line":48,"column":2},"end":{"line":51,"column":null}},"type":"if","locations":[{"start":{"line":48,"column":2},"end":{"line":51,"column":null}},{"start":{"line":49,"column":7},"end":{"line":51,"column":null}}]},"8":{"loc":{"start":{"line":49,"column":7},"end":{"line":51,"column":null}},"type":"if","locations":[{"start":{"line":49,"column":7},"end":{"line":51,"column":null}}]},"9":{"loc":{"start":{"line":53,"column":2},"end":{"line":55,"column":null}},"type":"if","locations":[{"start":{"line":53,"column":2},"end":{"line":55,"column":null}}]},"10":{"loc":{"start":{"line":53,"column":6},"end":{"line":53,"column":73}},"type":"binary-expr","locations":[{"start":{"line":53,"column":6},"end":{"line":53,"column":29}},{"start":{"line":53,"column":33},"end":{"line":53,"column":73}}]},"11":{"loc":{"start":{"line":56,"column":2},"end":{"line":58,"column":null}},"type":"if","locations":[{"start":{"line":56,"column":2},"end":{"line":58,"column":null}}]},"12":{"loc":{"start":{"line":56,"column":6},"end":{"line":56,"column":74}},"type":"binary-expr","locations":[{"start":{"line":56,"column":6},"end":{"line":56,"column":29}},{"start":{"line":56,"column":33},"end":{"line":56,"column":74}}]},"13":{"loc":{"start":{"line":60,"column":2},"end":{"line":62,"column":null}},"type":"if","locations":[{"start":{"line":60,"column":2},"end":{"line":62,"column":null}}]},"14":{"loc":{"start":{"line":60,"column":6},"end":{"line":60,"column":49}},"type":"binary-expr","locations":[{"start":{"line":60,"column":6},"end":{"line":60,"column":26}},{"start":{"line":60,"column":30},"end":{"line":60,"column":49}}]},"15":{"loc":{"start":{"line":65,"column":2},"end":{"line":104,"column":null}},"type":"if","locations":[{"start":{"line":65,"column":2},"end":{"line":104,"column":null}},{"start":{"line":79,"column":7},"end":{"line":104,"column":null}}]},"16":{"loc":{"start":{"line":66,"column":4},"end":{"line":75,"column":null}},"type":"if","locations":[{"start":{"line":66,"column":4},"end":{"line":75,"column":null}},{"start":{"line":67,"column":9},"end":{"line":75,"column":null}}]},"17":{"loc":{"start":{"line":67,"column":9},"end":{"line":75,"column":null}},"type":"if","locations":[{"start":{"line":67,"column":9},"end":{"line":75,"column":null}},{"start":{"line":68,"column":9},"end":{"line":75,"column":null}}]},"18":{"loc":{"start":{"line":68,"column":9},"end":{"line":75,"column":null}},"type":"if","locations":[{"start":{"line":68,"column":9},"end":{"line":75,"column":null}}]},"19":{"loc":{"start":{"line":69,"column":6},"end":{"line":74,"column":null}},"type":"if","locations":[{"start":{"line":69,"column":6},"end":{"line":74,"column":null}},{"start":{"line":72,"column":11},"end":{"line":74,"column":null}}]},"20":{"loc":{"start":{"line":79,"column":7},"end":{"line":104,"column":null}},"type":"if","locations":[{"start":{"line":79,"column":7},"end":{"line":104,"column":null}}]},"21":{"loc":{"start":{"line":80,"column":32},"end":{"line":82,"column":44}},"type":"cond-expr","locations":[{"start":{"line":81,"column":8},"end":{"line":81,"column":36}},{"start":{"line":82,"column":8},"end":{"line":82,"column":44}}]},"22":{"loc":{"start":{"line":84,"column":4},"end":{"line":86,"column":null}},"type":"if","locations":[{"start":{"line":84,"column":4},"end":{"line":86,"column":null}}]},"23":{"loc":{"start":{"line":85,"column":78},"end":{"line":85,"column":103}},"type":"binary-expr","locations":[{"start":{"line":85,"column":78},"end":{"line":85,"column":92}},{"start":{"line":85,"column":96},"end":{"line":85,"column":103}}]},"24":{"loc":{"start":{"line":88,"column":4},"end":{"line":101,"column":null}},"type":"if","locations":[{"start":{"line":88,"column":4},"end":{"line":101,"column":null}},{"start":{"line":96,"column":9},"end":{"line":101,"column":null}}]},"25":{"loc":{"start":{"line":89,"column":6},"end":{"line":94,"column":null}},"type":"if","locations":[{"start":{"line":89,"column":6},"end":{"line":94,"column":null}},{"start":{"line":92,"column":11},"end":{"line":94,"column":null}}]},"26":{"loc":{"start":{"line":96,"column":9},"end":{"line":101,"column":null}},"type":"if","locations":[{"start":{"line":96,"column":9},"end":{"line":101,"column":null}},{"start":{"line":99,"column":9},"end":{"line":101,"column":null}}]},"27":{"loc":{"start":{"line":106,"column":2},"end":{"line":129,"column":null}},"type":"if","locations":[{"start":{"line":106,"column":2},"end":{"line":129,"column":null}},{"start":{"line":112,"column":7},"end":{"line":129,"column":null}}]},"28":{"loc":{"start":{"line":108,"column":14},"end":{"line":110,"column":38}},"type":"cond-expr","locations":[{"start":{"line":109,"column":8},"end":{"line":109,"column":47}},{"start":{"line":110,"column":8},"end":{"line":110,"column":38}}]},"29":{"loc":{"start":{"line":108,"column":14},"end":{"line":108,"column":72}},"type":"binary-expr","locations":[{"start":{"line":108,"column":14},"end":{"line":108,"column":41}},{"start":{"line":108,"column":45},"end":{"line":108,"column":72}}]},"30":{"loc":{"start":{"line":116,"column":22},"end":{"line":116,"column":116}},"type":"cond-expr","locations":[{"start":{"line":116,"column":74},"end":{"line":116,"column":104}},{"start":{"line":116,"column":107},"end":{"line":116,"column":116}}]},"31":{"loc":{"start":{"line":116,"column":22},"end":{"line":116,"column":71}},"type":"binary-expr","locations":[{"start":{"line":116,"column":22},"end":{"line":116,"column":43}},{"start":{"line":116,"column":47},"end":{"line":116,"column":71}}]},"32":{"loc":{"start":{"line":117,"column":4},"end":{"line":128,"column":null}},"type":"if","locations":[{"start":{"line":117,"column":4},"end":{"line":128,"column":null}},{"start":{"line":120,"column":9},"end":{"line":128,"column":null}}]},"33":{"loc":{"start":{"line":117,"column":8},"end":{"line":117,"column":62}},"type":"binary-expr","locations":[{"start":{"line":117,"column":8},"end":{"line":117,"column":31}},{"start":{"line":117,"column":35},"end":{"line":117,"column":62}}]},"34":{"loc":{"start":{"line":120,"column":9},"end":{"line":128,"column":null}},"type":"if","locations":[{"start":{"line":120,"column":9},"end":{"line":128,"column":null}},{"start":{"line":126,"column":9},"end":{"line":128,"column":null}}]},"35":{"loc":{"start":{"line":120,"column":13},"end":{"line":120,"column":66}},"type":"binary-expr","locations":[{"start":{"line":120,"column":13},"end":{"line":120,"column":36}},{"start":{"line":120,"column":40},"end":{"line":120,"column":66}}]},"36":{"loc":{"start":{"line":121,"column":36},"end":{"line":121,"column":94}},"type":"binary-expr","locations":[{"start":{"line":121,"column":36},"end":{"line":121,"column":78}},{"start":{"line":121,"column":82},"end":{"line":121,"column":94}}]},"37":{"loc":{"start":{"line":127,"column":47},"end":{"line":127,"column":89}},"type":"cond-expr","locations":[{"start":{"line":127,"column":64},"end":{"line":127,"column":84}},{"start":{"line":127,"column":87},"end":{"line":127,"column":89}}]}},"s":{"0":1,"1":1,"2":1,"3":1,"4":1,"5":1,"6":14,"7":14,"8":1,"9":1,"10":52,"11":1,"12":51,"13":51,"14":51,"15":18,"16":33,"17":1,"18":50,"19":4,"20":46,"21":6,"22":40,"23":40,"24":40,"25":6,"26":2,"27":4,"28":2,"29":2,"30":2,"31":1,"32":1,"33":6,"34":34,"35":11,"36":11,"37":11,"38":5,"39":6,"40":3,"41":3,"42":0,"43":3,"44":3,"45":0,"46":6,"47":23,"48":13,"49":10,"50":10,"51":10,"52":10,"53":3,"54":7,"55":3,"56":3,"57":3,"58":3,"59":4,"60":23,"61":1},"f":{"0":14,"1":52},"b":{"0":[1],"1":[13],"2":[52],"3":[1],"4":[52,47],"5":[51,5],"6":[2,3],"7":[18,33],"8":[1],"9":[4],"10":[50,18],"11":[6],"12":[46,32],"13":[40],"14":[40,0],"15":[6,34],"16":[2,4],"17":[2,2],"18":[2],"19":[1,1],"20":[11],"21":[0,11],"22":[5],"23":[5,0],"24":[3,3],"25":[3,0],"26":[3,0],"27":[13,10],"28":[3,10],"29":[13,9],"30":[2,8],"31":[10,9],"32":[3,7],"33":[10,7],"34":[3,4],"35":[7,3],"36":[3,0],"37":[0,4]}}
,"/Users/zane/.liq/playground/liquid-labs/semver-plus/src/prerelease.mjs": {"path":"/Users/zane/.liq/playground/liquid-labs/semver-plus/src/prerelease.mjs","statementMap":{"0":{"start":{"line":1,"column":0},"end":{"line":1,"column":null}},"1":{"start":{"line":3,"column":0},"end":{"line":3,"column":null}},"2":{"start":{"line":4,"column":0},"end":{"line":4,"column":null}},"3":{"start":{"line":6,"column":20},"end":{"line":18,"column":1}},"4":{"start":{"line":7,"column":2},"end":{"line":17,"column":null}},"5":{"start":{"line":8,"column":18},"end":{"line":8,"column":46}},"6":{"start":{"line":9,"column":20},"end":{"line":9,"column":46}},"7":{"start":{"line":10,"column":4},"end":{"line":13,"column":null}},"8":{"start":{"line":11,"column":6},"end":{"line":11,"column":null}},"9":{"start":{"line":13,"column":9},"end":{"line":13,"column":null}},"10":{"start":{"line":16,"column":4},"end":{"line":16,"column":null}},"11":{"start":{"line":18,"column":1},"end":{"line":18,"column":null}}},"fnMap":{"0":{"name":"(anonymous_0)","decl":{"start":{"line":6,"column":20},"end":{"line":6,"column":27}},"loc":{"start":{"line":6,"column":32},"end":{"line":18,"column":1}}}},"branchMap":{"0":{"loc":{"start":{"line":7,"column":2},"end":{"line":17,"column":null}},"type":"if","locations":[{"start":{"line":7,"column":2},"end":{"line":17,"column":null}},{"start":{"line":15,"column":7},"end":{"line":17,"column":null}}]},"1":{"loc":{"start":{"line":10,"column":4},"end":{"line":13,"column":null}},"type":"if","locations":[{"start":{"line":10,"column":4},"end":{"line":13,"column":null}},{"start":{"line":13,"column":9},"end":{"line":13,"column":null}}]}},"s":{"0":1,"1":1,"2":1,"3":1,"4":6,"5":3,"6":3,"7":3,"8":2,"9":1,"10":3,"11":1},"f":{"0":6},"b":{"0":[3,3],"1":[2,1]}}
,"/Users/zane/.liq/playground/liquid-labs/semver-plus/src/version-compare.mjs": {"path":"/Users/zane/.liq/playground/liquid-labs/semver-plus/src/version-compare.mjs","statementMap":{"0":{"start":{"line":1,"column":0},"end":{"line":1,"column":null}},"1":{"start":{"line":3,"column":0},"end":{"line":3,"column":null}},"2":{"start":{"line":4,"column":0},"end":{"line":4,"column":null}},"3":{"start":{"line":5,"column":0},"end":{"line":5,"column":null}},"4":{"start":{"line":7,"column":22},"end":{"line":27,"column":1}},"5":{"start":{"line":9,"column":2},"end":{"line":24,"column":null}},"6":{"start":{"line":9,"column":15},"end":{"line":9,"column":16}},"7":{"start":{"line":10,"column":20},"end":{"line":10,"column":31}},"8":{"start":{"line":11,"column":4},"end":{"line":23,"column":null}},"9":{"start":{"line":12,"column":6},"end":{"line":12,"column":null}},"10":{"start":{"line":14,"column":9},"end":{"line":23,"column":null}},"11":{"start":{"line":15,"column":6},"end":{"line":17,"column":null}},"12":{"start":{"line":16,"column":8},"end":{"line":16,"column":null}},"13":{"start":{"line":20,"column":6},"end":{"line":22,"column":null}},"14":{"start":{"line":21,"column":8},"end":{"line":21,"column":null}},"15":{"start":{"line":26,"column":2},"end":{"line":26,"column":null}},"16":{"start":{"line":29,"column":19},"end":{"line":37,"column":1}},"17":{"start":{"line":30,"column":2},"end":{"line":32,"column":null}},"18":{"start":{"line":31,"column":4},"end":{"line":31,"column":null}},"19":{"start":{"line":34,"column":3},"end":{"line":34,"column":null}},"20":{"start":{"line":36,"column":2},"end":{"line":36,"column":null}},"21":{"start":{"line":36,"column":80},"end":{"line":36,"column":102}},"22":{"start":{"line":37,"column":1},"end":{"line":37,"column":null}},"23":{"start":{"line":39,"column":19},"end":{"line":47,"column":1}},"24":{"start":{"line":40,"column":2},"end":{"line":42,"column":null}},"25":{"start":{"line":41,"column":4},"end":{"line":41,"column":null}},"26":{"start":{"line":44,"column":3},"end":{"line":44,"column":null}},"27":{"start":{"line":46,"column":2},"end":{"line":46,"column":null}},"28":{"start":{"line":46,"column":80},"end":{"line":46,"column":102}},"29":{"start":{"line":47,"column":1},"end":{"line":47,"column":null}},"30":{"start":{"line":49,"column":23},"end":{"line":89,"column":1}},"31":{"start":{"line":50,"column":2},"end":{"line":69,"column":null}},"32":{"start":{"line":51,"column":4},"end":{"line":68,"column":null}},"33":{"start":{"line":52,"column":6},"end":{"line":67,"column":null}},"34":{"start":{"line":53,"column":8},"end":{"line":58,"column":null}},"35":{"start":{"line":54,"column":10},"end":{"line":54,"column":null}},"36":{"start":{"line":57,"column":10},"end":{"line":57,"column":null}},"37":{"start":{"line":61,"column":8},"end":{"line":66,"column":null}},"38":{"start":{"line":62,"column":10},"end":{"line":62,"column":null}},"39":{"start":{"line":65,"column":10},"end":{"line":65,"column":null}},"40":{"start":{"line":71,"column":2},"end":{"line":86,"column":null}},"41":{"start":{"line":72,"column":18},"end":{"line":74,"column":30}},"42":{"start":{"line":76,"column":4},"end":{"line":83,"column":null}},"43":{"start":{"line":77,"column":6},"end":{"line":82,"column":null}},"44":{"start":{"line":78,"column":8},"end":{"line":78,"column":null}},"45":{"start":{"line":81,"column":8},"end":{"line":81,"column":null}},"46":{"start":{"line":85,"column":4},"end":{"line":85,"column":null}},"47":{"start":{"line":88,"column":2},"end":{"line":88,"column":null}}},"fnMap":{"0":{"name":"(anonymous_0)","decl":{"start":{"line":7,"column":22},"end":{"line":7,"column":23}},"loc":{"start":{"line":7,"column":72},"end":{"line":27,"column":1}}},"1":{"name":"(anonymous_1)","decl":{"start":{"line":29,"column":19},"end":{"line":29,"column":20}},"loc":{"start":{"line":29,"column":63},"end":{"line":37,"column":1}}},"2":{"name":"(anonymous_2)","decl":{"start":{"line":36,"column":70},"end":{"line":36,"column":71}},"loc":{"start":{"line":36,"column":80},"end":{"line":36,"column":102}}},"3":{"name":"(anonymous_3)","decl":{"start":{"line":39,"column":19},"end":{"line":39,"column":20}},"loc":{"start":{"line":39,"column":63},"end":{"line":47,"column":1}}},"4":{"name":"(anonymous_4)","decl":{"start":{"line":46,"column":70},"end":{"line":46,"column":71}},"loc":{"start":{"line":46,"column":80},"end":{"line":46,"column":102}}},"5":{"name":"(anonymous_5)","decl":{"start":{"line":49,"column":23},"end":{"line":49,"column":24}},"loc":{"start":{"line":49,"column":67},"end":{"line":89,"column":1}}},"6":{"name":"(anonymous_6)","decl":{"start":{"line":51,"column":28},"end":{"line":51,"column":29}},"loc":{"start":{"line":51,"column":40},"end":{"line":68,"column":5}}},"7":{"name":"(anonymous_7)","decl":{"start":{"line":71,"column":30},"end":{"line":71,"column":37}},"loc":{"start":{"line":71,"column":42},"end":{"line":86,"column":3}}}},"branchMap":{"0":{"loc":{"start":{"line":11,"column":4},"end":{"line":23,"column":null}},"type":"if","locations":[{"start":{"line":11,"column":4},"end":{"line":23,"column":null}},{"start":{"line":14,"column":9},"end":{"line":23,"column":null}}]},"1":{"loc":{"start":{"line":14,"column":9},"end":{"line":23,"column":null}},"type":"if","locations":[{"start":{"line":14,"column":9},"end":{"line":23,"column":null}},{"start":{"line":19,"column":9},"end":{"line":23,"column":null}}]},"2":{"loc":{"start":{"line":15,"column":6},"end":{"line":17,"column":null}},"type":"if","locations":[{"start":{"line":15,"column":6},"end":{"line":17,"column":null}}]},"3":{"loc":{"start":{"line":20,"column":6},"end":{"line":22,"column":null}},"type":"if","locations":[{"start":{"line":20,"column":6},"end":{"line":22,"column":null}}]},"4":{"loc":{"start":{"line":30,"column":2},"end":{"line":32,"column":null}},"type":"if","locations":[{"start":{"line":30,"column":2},"end":{"line":32,"column":null}}]},"5":{"loc":{"start":{"line":30,"column":6},"end":{"line":30,"column":40}},"type":"binary-expr","locations":[{"start":{"line":30,"column":6},"end":{"line":30,"column":15}},{"start":{"line":30,"column":19},"end":{"line":30,"column":40}}]},"6":{"loc":{"start":{"line":40,"column":2},"end":{"line":42,"column":null}},"type":"if","locations":[{"start":{"line":40,"column":2},"end":{"line":42,"column":null}}]},"7":{"loc":{"start":{"line":40,"column":6},"end":{"line":40,"column":40}},"type":"binary-expr","locations":[{"start":{"line":40,"column":6},"end":{"line":40,"column":15}},{"start":{"line":40,"column":19},"end":{"line":40,"column":40}}]},"8":{"loc":{"start":{"line":50,"column":2},"end":{"line":69,"column":null}},"type":"if","locations":[{"start":{"line":50,"column":2},"end":{"line":69,"column":null}}]},"9":{"loc":{"start":{"line":50,"column":6},"end":{"line":50,"column":49}},"type":"binary-expr","locations":[{"start":{"line":50,"column":6},"end":{"line":50,"column":26}},{"start":{"line":50,"column":30},"end":{"line":50,"column":49}}]},"10":{"loc":{"start":{"line":53,"column":8},"end":{"line":58,"column":null}},"type":"if","locations":[{"start":{"line":53,"column":8},"end":{"line":58,"column":null}},{"start":{"line":56,"column":13},"end":{"line":58,"column":null}}]},"11":{"loc":{"start":{"line":61,"column":8},"end":{"line":66,"column":null}},"type":"if","locations":[{"start":{"line":61,"column":8},"end":{"line":66,"column":null}},{"start":{"line":64,"column":13},"end":{"line":66,"column":null}}]},"12":{"loc":{"start":{"line":72,"column":18},"end":{"line":74,"column":30}},"type":"cond-expr","locations":[{"start":{"line":73,"column":8},"end":{"line":73,"column":38}},{"start":{"line":74,"column":8},"end":{"line":74,"column":30}}]},"13":{"loc":{"start":{"line":76,"column":4},"end":{"line":83,"column":null}},"type":"if","locations":[{"start":{"line":76,"column":4},"end":{"line":83,"column":null}}]},"14":{"loc":{"start":{"line":77,"column":6},"end":{"line":82,"column":null}},"type":"if","locations":[{"start":{"line":77,"column":6},"end":{"line":82,"column":null}},{"start":{"line":80,"column":11},"end":{"line":82,"column":null}}]}},"s":{"0":1,"1":1,"2":1,"3":1,"4":1,"5":24,"6":24,"7":46,"8":46,"9":24,"10":22,"11":16,"12":8,"13":6,"14":3,"15":24,"16":1,"17":14,"18":1,"19":13,"20":12,"21":3,"22":1,"23":1,"24":14,"25":1,"26":13,"27":12,"28":3,"29":1,"30":1,"31":26,"32":26,"33":62,"34":62,"35":32,"36":30,"37":4,"38":4,"39":0,"40":26,"41":62,"42":62,"43":14,"44":12,"45":2,"46":48,"47":24},"f":{"0":24,"1":14,"2":3,"3":14,"4":3,"5":26,"6":62,"7":62},"b":{"0":[24,22],"1":[16,6],"2":[8],"3":[3],"4":[1],"5":[14,14],"6":[1],"7":[14,14],"8":[26],"9":[26,26],"10":[32,30],"11":[4,0],"12":[44,18],"13":[14],"14":[12,2]}}
,"/Users/zane/.liq/playground/liquid-labs/semver-plus/src/version-style.mjs": {"path":"/Users/zane/.liq/playground/liquid-labs/semver-plus/src/version-style.mjs","statementMap":{"0":{"start":{"line":1,"column":0},"end":{"line":1,"column":null}},"1":{"start":{"line":3,"column":0},"end":{"line":3,"column":null}},"2":{"start":{"line":4,"column":0},"end":{"line":4,"column":null}},"3":{"start":{"line":6,"column":22},"end":{"line":14,"column":1}},"4":{"start":{"line":7,"column":16},"end":{"line":7,"column":69}},"5":{"start":{"line":9,"column":2},"end":{"line":11,"column":null}},"6":{"start":{"line":10,"column":4},"end":{"line":10,"column":null}},"7":{"start":{"line":13,"column":2},"end":{"line":13,"column":null}},"8":{"start":{"line":14,"column":1},"end":{"line":14,"column":null}}},"fnMap":{"0":{"name":"(anonymous_0)","decl":{"start":{"line":6,"column":22},"end":{"line":6,"column":29}},"loc":{"start":{"line":6,"column":34},"end":{"line":14,"column":1}}}},"branchMap":{"0":{"loc":{"start":{"line":7,"column":16},"end":{"line":7,"column":69}},"type":"cond-expr","locations":[{"start":{"line":7,"column":41},"end":{"line":7,"column":54}},{"start":{"line":7,"column":57},"end":{"line":7,"column":69}}]},"1":{"loc":{"start":{"line":9,"column":2},"end":{"line":11,"column":null}},"type":"if","locations":[{"start":{"line":9,"column":2},"end":{"line":11,"column":null}}]},"2":{"loc":{"start":{"line":9,"column":6},"end":{"line":9,"column":54}},"type":"binary-expr","locations":[{"start":{"line":9,"column":6},"end":{"line":9,"column":28}},{"start":{"line":9,"column":32},"end":{"line":9,"column":54}}]}},"s":{"0":2,"1":2,"2":2,"3":2,"4":70,"5":70,"6":4,"7":66,"8":2},"f":{"0":70},"b":{"0":[21,49],"1":[4],"2":[70,49]}}
}
