{"/Users/zane/playground/liquid-labs/semver-plus/src/constants.mjs": {"path":"/Users/zane/playground/liquid-labs/semver-plus/src/constants.mjs","statementMap":{"0":{"start":{"line":1,"column":21},"end":{"line":4,"column":117}},"1":{"start":{"line":5,"column":31},"end":{"line":5,"column":95}}},"fnMap":{},"branchMap":{},"s":{"0":5,"1":5},"f":{},"b":{}}
,"/Users/zane/playground/liquid-labs/semver-plus/src/ext-constants.mjs": {"path":"/Users/zane/playground/liquid-labs/semver-plus/src/ext-constants.mjs","statementMap":{"0":{"start":{"line":1,"column":23},"end":{"line":13,"column":null}},"1":{"start":{"line":15,"column":33},"end":{"line":15,"column":92}},"2":{"start":{"line":16,"column":25},"end":{"line":16,"column":59}},"3":{"start":{"line":18,"column":0},"end":{"line":18,"column":null}},"4":{"start":{"line":19,"column":0},"end":{"line":19,"column":null}},"5":{"start":{"line":20,"column":0},"end":{"line":20,"column":null}}},"fnMap":{},"branchMap":{},"s":{"0":3,"1":3,"2":3,"3":3,"4":3,"5":3},"f":{},"b":{}}
,"/Users/zane/playground/liquid-labs/semver-plus/src/filter-valid-version-or-range.mjs": {"path":"/Users/zane/playground/liquid-labs/semver-plus/src/filter-valid-version-or-range.mjs","statementMap":{"0":{"start":{"line":1,"column":0},"end":{"line":1,"column":null}},"1":{"start":{"line":3,"column":34},"end":{"line":6,"column":73}},"2":{"start":{"line":4,"column":7},"end":{"line":4,"column":16}},"3":{"start":{"line":6,"column":6},"end":{"line":6,"column":73}},"4":{"start":{"line":6,"column":26},"end":{"line":6,"column":72}},"5":{"start":{"line":6,"column":73},"end":{"line":6,"column":null}}},"fnMap":{"0":{"name":"(anonymous_0)","decl":{"start":{"line":3,"column":34},"end":{"line":3,"column":35}},"loc":{"start":{"line":6,"column":6},"end":{"line":6,"column":73}}},"1":{"name":"(anonymous_1)","decl":{"start":{"line":4,"column":7},"end":{"line":4,"column":16}},"loc":{"start":{"line":4,"column":7},"end":{"line":4,"column":16}}},"2":{"name":"(anonymous_2)","decl":{"start":{"line":6,"column":20},"end":{"line":6,"column":21}},"loc":{"start":{"line":6,"column":26},"end":{"line":6,"column":72}}}},"branchMap":{"0":{"loc":{"start":{"line":4,"column":2},"end":{"line":4,"column":null}},"type":"default-arg","locations":[{"start":{"line":4,"column":7},"end":{"line":4,"column":null}}]}},"s":{"0":1,"1":1,"2":0,"3":1,"4":10,"5":1},"f":{"0":1,"1":0,"2":10},"b":{"0":[0]}}
,"/Users/zane/playground/liquid-labs/semver-plus/src/first-past.mjs": {"path":"/Users/zane/playground/liquid-labs/semver-plus/src/first-past.mjs","statementMap":{"0":{"start":{"line":1,"column":0},"end":{"line":1,"column":null}},"1":{"start":{"line":3,"column":0},"end":{"line":3,"column":null}},"2":{"start":{"line":4,"column":0},"end":{"line":4,"column":null}},"3":{"start":{"line":5,"column":0},"end":{"line":5,"column":null}},"4":{"start":{"line":7,"column":19},"end":{"line":35,"column":1}},"5":{"start":{"line":8,"column":19},"end":{"line":8,"column":36}},"6":{"start":{"line":10,"column":20},"end":{"line":10,"column":90}},"7":{"start":{"line":11,"column":25},"end":{"line":11,"column":59}},"8":{"start":{"line":12,"column":2},"end":{"line":14,"column":null}},"9":{"start":{"line":13,"column":4},"end":{"line":13,"column":null}},"10":{"start":{"line":16,"column":20},"end":{"line":16,"column":90}},"11":{"start":{"line":17,"column":25},"end":{"line":17,"column":59}},"12":{"start":{"line":18,"column":2},"end":{"line":20,"column":null}},"13":{"start":{"line":19,"column":4},"end":{"line":19,"column":null}},"14":{"start":{"line":22,"column":20},"end":{"line":22,"column":90}},"15":{"start":{"line":23,"column":25},"end":{"line":23,"column":59}},"16":{"start":{"line":24,"column":2},"end":{"line":26,"column":null}},"17":{"start":{"line":25,"column":4},"end":{"line":25,"column":null}},"18":{"start":{"line":28,"column":2},"end":{"line":31,"column":null}},"19":{"start":{"line":29,"column":28},"end":{"line":29,"column":86}},"20":{"start":{"line":30,"column":4},"end":{"line":30,"column":null}},"21":{"start":{"line":34,"column":2},"end":{"line":34,"column":null}},"22":{"start":{"line":35,"column":1},"end":{"line":35,"column":null}}},"fnMap":{"0":{"name":"(anonymous_0)","decl":{"start":{"line":7,"column":19},"end":{"line":7,"column":24}},"loc":{"start":{"line":7,"column":29},"end":{"line":35,"column":1}}}},"branchMap":{"0":{"loc":{"start":{"line":12,"column":2},"end":{"line":14,"column":null}},"type":"if","locations":[{"start":{"line":12,"column":2},"end":{"line":14,"column":null}}]},"1":{"loc":{"start":{"line":18,"column":2},"end":{"line":20,"column":null}},"type":"if","locations":[{"start":{"line":18,"column":2},"end":{"line":20,"column":null}}]},"2":{"loc":{"start":{"line":24,"column":2},"end":{"line":26,"column":null}},"type":"if","locations":[{"start":{"line":24,"column":2},"end":{"line":26,"column":null}}]},"3":{"loc":{"start":{"line":28,"column":2},"end":{"line":31,"column":null}},"type":"if","locations":[{"start":{"line":28,"column":2},"end":{"line":31,"column":null}}]}},"s":{"0":2,"1":2,"2":2,"3":2,"4":2,"5":46,"6":46,"7":46,"8":46,"9":8,"10":38,"11":38,"12":38,"13":15,"14":23,"15":23,"16":23,"17":17,"18":6,"19":6,"20":6,"21":0,"22":2},"f":{"0":46},"b":{"0":[8],"1":[15],"2":[17],"3":[6]}}
,"/Users/zane/playground/liquid-labs/semver-plus/src/min-version.mjs": {"path":"/Users/zane/playground/liquid-labs/semver-plus/src/min-version.mjs","statementMap":{"0":{"start":{"line":1,"column":0},"end":{"line":1,"column":null}},"1":{"start":{"line":3,"column":0},"end":{"line":3,"column":null}},"2":{"start":{"line":5,"column":20},"end":{"line":19,"column":1}},"3":{"start":{"line":8,"column":2},"end":{"line":16,"column":null}},"4":{"start":{"line":9,"column":4},"end":{"line":9,"column":null}},"5":{"start":{"line":12,"column":24},"end":{"line":12,"column":48}},"6":{"start":{"line":13,"column":4},"end":{"line":15,"column":null}},"7":{"start":{"line":14,"column":6},"end":{"line":14,"column":null}},"8":{"start":{"line":18,"column":2},"end":{"line":18,"column":null}},"9":{"start":{"line":19,"column":1},"end":{"line":19,"column":null}}},"fnMap":{"0":{"name":"(anonymous_0)","decl":{"start":{"line":5,"column":20},"end":{"line":5,"column":25}},"loc":{"start":{"line":5,"column":30},"end":{"line":19,"column":1}}}},"branchMap":{"0":{"loc":{"start":{"line":8,"column":2},"end":{"line":16,"column":null}},"type":"if","locations":[{"start":{"line":8,"column":2},"end":{"line":16,"column":null}},{"start":{"line":11,"column":7},"end":{"line":16,"column":null}}]},"1":{"loc":{"start":{"line":13,"column":4},"end":{"line":15,"column":null}},"type":"if","locations":[{"start":{"line":13,"column":4},"end":{"line":15,"column":null}}]}},"s":{"0":3,"1":3,"2":3,"3":59,"4":12,"5":47,"6":47,"7":47,"8":0,"9":3},"f":{"0":59},"b":{"0":[12,47],"1":[47]}}
,"/Users/zane/playground/liquid-labs/semver-plus/src/next-version.mjs": {"path":"/Users/zane/playground/liquid-labs/semver-plus/src/next-version.mjs","statementMap":{"0":{"start":{"line":1,"column":0},"end":{"line":1,"column":null}},"1":{"start":{"line":2,"column":0},"end":{"line":2,"column":null}},"2":{"start":{"line":4,"column":0},"end":{"line":4,"column":null}},"3":{"start":{"line":19,"column":20},"end":{"line":82,"column":1}},"4":{"start":{"line":20,"column":2},"end":{"line":22,"column":null}},"5":{"start":{"line":21,"column":4},"end":{"line":21,"column":null}},"6":{"start":{"line":24,"column":2},"end":{"line":24,"column":null}},"7":{"start":{"line":28,"column":23},"end":{"line":28,"column":101}},"8":{"start":{"line":29,"column":2},"end":{"line":32,"column":null}},"9":{"start":{"line":29,"column":34},"end":{"line":29,"column":null}},"10":{"start":{"line":30,"column":7},"end":{"line":32,"column":null}},"11":{"start":{"line":31,"column":4},"end":{"line":31,"column":null}},"12":{"start":{"line":34,"column":2},"end":{"line":36,"column":null}},"13":{"start":{"line":35,"column":4},"end":{"line":35,"column":null}},"14":{"start":{"line":37,"column":2},"end":{"line":45,"column":null}},"15":{"start":{"line":38,"column":4},"end":{"line":44,"column":null}},"16":{"start":{"line":39,"column":6},"end":{"line":39,"column":null}},"17":{"start":{"line":40,"column":6},"end":{"line":40,"column":null}},"18":{"start":{"line":43,"column":6},"end":{"line":43,"column":null}},"19":{"start":{"line":48,"column":2},"end":{"line":74,"column":null}},"20":{"start":{"line":49,"column":4},"end":{"line":53,"column":null}},"21":{"start":{"line":49,"column":36},"end":{"line":49,"column":null}},"22":{"start":{"line":50,"column":9},"end":{"line":53,"column":null}},"23":{"start":{"line":50,"column":40},"end":{"line":50,"column":null}},"24":{"start":{"line":51,"column":9},"end":{"line":53,"column":null}},"25":{"start":{"line":52,"column":6},"end":{"line":52,"column":null}},"26":{"start":{"line":55,"column":4},"end":{"line":55,"column":19}},"27":{"start":{"line":57,"column":7},"end":{"line":74,"column":null}},"28":{"start":{"line":58,"column":32},"end":{"line":60,"column":44}},"29":{"start":{"line":61,"column":30},"end":{"line":61,"column":61}},"30":{"start":{"line":62,"column":4},"end":{"line":64,"column":null}},"31":{"start":{"line":63,"column":6},"end":{"line":63,"column":null}},"32":{"start":{"line":66,"column":4},"end":{"line":71,"column":null}},"33":{"start":{"line":67,"column":6},"end":{"line":67,"column":null}},"34":{"start":{"line":70,"column":6},"end":{"line":70,"column":null}},"35":{"start":{"line":73,"column":4},"end":{"line":73,"column":null}},"36":{"start":{"line":77,"column":2},"end":{"line":79,"column":null}},"37":{"start":{"line":81,"column":2},"end":{"line":81,"column":null}},"38":{"start":{"line":82,"column":1},"end":{"line":82,"column":null}}},"fnMap":{"0":{"name":"(anonymous_0)","decl":{"start":{"line":19,"column":20},"end":{"line":19,"column":21}},"loc":{"start":{"line":19,"column":63},"end":{"line":82,"column":1}}}},"branchMap":{"0":{"loc":{"start":{"line":19,"column":43},"end":{"line":19,"column":57}},"type":"default-arg","locations":[{"start":{"line":19,"column":51},"end":{"line":19,"column":57}}]},"1":{"loc":{"start":{"line":20,"column":2},"end":{"line":22,"column":null}},"type":"if","locations":[{"start":{"line":20,"column":2},"end":{"line":22,"column":null}}]},"2":{"loc":{"start":{"line":20,"column":6},"end":{"line":20,"column":64}},"type":"binary-expr","locations":[{"start":{"line":20,"column":6},"end":{"line":20,"column":29}},{"start":{"line":20,"column":33},"end":{"line":20,"column":64}}]},"3":{"loc":{"start":{"line":24,"column":14},"end":{"line":24,"column":81}},"type":"binary-expr","locations":[{"start":{"line":24,"column":14},"end":{"line":24,"column":23}},{"start":{"line":24,"column":28},"end":{"line":24,"column":80}}]},"4":{"loc":{"start":{"line":24,"column":28},"end":{"line":24,"column":80}},"type":"cond-expr","locations":[{"start":{"line":24,"column":58},"end":{"line":24,"column":65}},{"start":{"line":24,"column":68},"end":{"line":24,"column":80}}]},"5":{"loc":{"start":{"line":29,"column":2},"end":{"line":32,"column":null}},"type":"if","locations":[{"start":{"line":29,"column":2},"end":{"line":32,"column":null}},{"start":{"line":30,"column":7},"end":{"line":32,"column":null}}]},"6":{"loc":{"start":{"line":30,"column":7},"end":{"line":32,"column":null}},"type":"if","locations":[{"start":{"line":30,"column":7},"end":{"line":32,"column":null}}]},"7":{"loc":{"start":{"line":34,"column":2},"end":{"line":36,"column":null}},"type":"if","locations":[{"start":{"line":34,"column":2},"end":{"line":36,"column":null}}]},"8":{"loc":{"start":{"line":34,"column":6},"end":{"line":34,"column":73}},"type":"binary-expr","locations":[{"start":{"line":34,"column":6},"end":{"line":34,"column":29}},{"start":{"line":34,"column":33},"end":{"line":34,"column":73}}]},"9":{"loc":{"start":{"line":37,"column":2},"end":{"line":45,"column":null}},"type":"if","locations":[{"start":{"line":37,"column":2},"end":{"line":45,"column":null}}]},"10":{"loc":{"start":{"line":37,"column":6},"end":{"line":37,"column":74}},"type":"binary-expr","locations":[{"start":{"line":37,"column":6},"end":{"line":37,"column":29}},{"start":{"line":37,"column":33},"end":{"line":37,"column":74}}]},"11":{"loc":{"start":{"line":38,"column":4},"end":{"line":44,"column":null}},"type":"if","locations":[{"start":{"line":38,"column":4},"end":{"line":44,"column":null}},{"start":{"line":42,"column":9},"end":{"line":44,"column":null}}]},"12":{"loc":{"start":{"line":48,"column":2},"end":{"line":74,"column":null}},"type":"if","locations":[{"start":{"line":48,"column":2},"end":{"line":74,"column":null}},{"start":{"line":57,"column":7},"end":{"line":74,"column":null}}]},"13":{"loc":{"start":{"line":49,"column":4},"end":{"line":53,"column":null}},"type":"if","locations":[{"start":{"line":49,"column":4},"end":{"line":53,"column":null}},{"start":{"line":50,"column":9},"end":{"line":53,"column":null}}]},"14":{"loc":{"start":{"line":50,"column":9},"end":{"line":53,"column":null}},"type":"if","locations":[{"start":{"line":50,"column":9},"end":{"line":53,"column":null}},{"start":{"line":51,"column":9},"end":{"line":53,"column":null}}]},"15":{"loc":{"start":{"line":51,"column":9},"end":{"line":53,"column":null}},"type":"if","locations":[{"start":{"line":51,"column":9},"end":{"line":53,"column":null}}]},"16":{"loc":{"start":{"line":57,"column":7},"end":{"line":74,"column":null}},"type":"if","locations":[{"start":{"line":57,"column":7},"end":{"line":74,"column":null}}]},"17":{"loc":{"start":{"line":58,"column":32},"end":{"line":60,"column":44}},"type":"cond-expr","locations":[{"start":{"line":59,"column":8},"end":{"line":59,"column":36}},{"start":{"line":60,"column":8},"end":{"line":60,"column":44}}]},"18":{"loc":{"start":{"line":62,"column":4},"end":{"line":64,"column":null}},"type":"if","locations":[{"start":{"line":62,"column":4},"end":{"line":64,"column":null}}]},"19":{"loc":{"start":{"line":63,"column":78},"end":{"line":63,"column":103}},"type":"binary-expr","locations":[{"start":{"line":63,"column":78},"end":{"line":63,"column":92}},{"start":{"line":63,"column":96},"end":{"line":63,"column":103}}]},"20":{"loc":{"start":{"line":66,"column":4},"end":{"line":71,"column":null}},"type":"if","locations":[{"start":{"line":66,"column":4},"end":{"line":71,"column":null}},{"start":{"line":69,"column":9},"end":{"line":71,"column":null}}]},"21":{"loc":{"start":{"line":77,"column":12},"end":{"line":79,"column":36}},"type":"cond-expr","locations":[{"start":{"line":78,"column":6},"end":{"line":78,"column":45}},{"start":{"line":79,"column":6},"end":{"line":79,"column":36}}]},"22":{"loc":{"start":{"line":77,"column":12},"end":{"line":77,"column":70}},"type":"binary-expr","locations":[{"start":{"line":77,"column":12},"end":{"line":77,"column":39}},{"start":{"line":77,"column":43},"end":{"line":77,"column":70}}]}},"s":{"0":3,"1":3,"2":3,"3":3,"4":171,"5":1,"6":170,"7":170,"8":170,"9":100,"10":70,"11":1,"12":169,"13":4,"14":165,"15":24,"16":18,"17":18,"18":6,"19":159,"20":10,"21":4,"22":6,"23":3,"24":3,"25":3,"26":10,"27":149,"28":29,"29":29,"30":29,"31":5,"32":24,"33":21,"34":3,"35":24,"36":120,"37":120,"38":3},"f":{"0":171},"b":{"0":[64],"1":[1],"2":[171,167],"3":[170,4],"4":[1,3],"5":[100,70],"6":[1],"7":[4],"8":[169,100],"9":[24],"10":[165,69],"11":[18,6],"12":[10,149],"13":[4,6],"14":[3,3],"15":[3],"16":[29],"17":[0,29],"18":[5],"19":[5,0],"20":[21,3],"21":[3,117],"22":[120,9]}}
,"/Users/zane/playground/liquid-labs/semver-plus/src/prerelease.mjs": {"path":"/Users/zane/playground/liquid-labs/semver-plus/src/prerelease.mjs","statementMap":{"0":{"start":{"line":1,"column":0},"end":{"line":1,"column":null}},"1":{"start":{"line":3,"column":20},"end":{"line":5,"column":1}},"2":{"start":{"line":4,"column":2},"end":{"line":4,"column":null}},"3":{"start":{"line":5,"column":1},"end":{"line":5,"column":null}}},"fnMap":{"0":{"name":"(anonymous_0)","decl":{"start":{"line":3,"column":20},"end":{"line":3,"column":27}},"loc":{"start":{"line":3,"column":32},"end":{"line":5,"column":1}}}},"branchMap":{},"s":{"0":1,"1":1,"2":3,"3":1},"f":{"0":3},"b":{}}
,"/Users/zane/playground/liquid-labs/semver-plus/src/upper-bound.mjs": {"path":"/Users/zane/playground/liquid-labs/semver-plus/src/upper-bound.mjs","statementMap":{"0":{"start":{"line":1,"column":0},"end":{"line":1,"column":null}},"1":{"start":{"line":10,"column":20},"end":{"line":20,"column":1}},"2":{"start":{"line":11,"column":26},"end":{"line":11,"column":50}},"3":{"start":{"line":12,"column":2},"end":{"line":14,"column":null}},"4":{"start":{"line":13,"column":4},"end":{"line":13,"column":null}},"5":{"start":{"line":16,"column":17},"end":{"line":16,"column":43}},"6":{"start":{"line":17,"column":21},"end":{"line":17,"column":46}},"7":{"start":{"line":19,"column":2},"end":{"line":19,"column":null}},"8":{"start":{"line":20,"column":1},"end":{"line":20,"column":null}}},"fnMap":{"0":{"name":"(anonymous_0)","decl":{"start":{"line":10,"column":20},"end":{"line":10,"column":25}},"loc":{"start":{"line":10,"column":30},"end":{"line":20,"column":1}}}},"branchMap":{"0":{"loc":{"start":{"line":12,"column":2},"end":{"line":14,"column":null}},"type":"if","locations":[{"start":{"line":12,"column":2},"end":{"line":14,"column":null}}]},"1":{"loc":{"start":{"line":19,"column":9},"end":{"line":19,"column":71}},"type":"cond-expr","locations":[{"start":{"line":19,"column":39},"end":{"line":19,"column":58}},{"start":{"line":19,"column":61},"end":{"line":19,"column":71}}]}},"s":{"0":1,"1":1,"2":7,"3":7,"4":0,"5":7,"6":7,"7":7,"8":1},"f":{"0":7},"b":{"0":[0],"1":[1,6]}}
,"/Users/zane/playground/liquid-labs/semver-plus/src/valid-version-or-range.mjs": {"path":"/Users/zane/playground/liquid-labs/semver-plus/src/valid-version-or-range.mjs","statementMap":{"0":{"start":{"line":1,"column":0},"end":{"line":1,"column":null}},"1":{"start":{"line":3,"column":0},"end":{"line":3,"column":null}},"2":{"start":{"line":5,"column":28},"end":{"line":13,"column":54}},"3":{"start":{"line":8,"column":7},"end":{"line":8,"column":16}},"4":{"start":{"line":11,"column":2},"end":{"line":13,"column":54}},"5":{"start":{"line":13,"column":54},"end":{"line":13,"column":null}}},"fnMap":{"0":{"name":"(anonymous_0)","decl":{"start":{"line":5,"column":28},"end":{"line":5,"column":29}},"loc":{"start":{"line":11,"column":2},"end":{"line":13,"column":54}}},"1":{"name":"(anonymous_1)","decl":{"start":{"line":8,"column":7},"end":{"line":8,"column":16}},"loc":{"start":{"line":8,"column":7},"end":{"line":8,"column":16}}}},"branchMap":{"0":{"loc":{"start":{"line":6,"column":2},"end":{"line":6,"column":25}},"type":"default-arg","locations":[{"start":{"line":6,"column":20},"end":{"line":6,"column":25}}]},"1":{"loc":{"start":{"line":7,"column":2},"end":{"line":7,"column":27}},"type":"default-arg","locations":[{"start":{"line":7,"column":22},"end":{"line":7,"column":27}}]},"2":{"loc":{"start":{"line":8,"column":2},"end":{"line":8,"column":null}},"type":"default-arg","locations":[{"start":{"line":8,"column":7},"end":{"line":8,"column":null}}]},"3":{"loc":{"start":{"line":9,"column":2},"end":{"line":9,"column":null}},"type":"default-arg","locations":[{"start":{"line":9,"column":15},"end":{"line":9,"column":null}}]},"4":{"loc":{"start":{"line":11,"column":6},"end":{"line":13,"column":53}},"type":"binary-expr","locations":[{"start":{"line":11,"column":6},"end":{"line":11,"column":32}},{"start":{"line":11,"column":36},"end":{"line":11,"column":55}},{"start":{"line":12,"column":8},"end":{"line":12,"column":27}},{"start":{"line":12,"column":31},"end":{"line":12,"column":55}},{"start":{"line":12,"column":59},"end":{"line":12,"column":84}},{"start":{"line":13,"column":8},"end":{"line":13,"column":27}},{"start":{"line":13,"column":31},"end":{"line":13,"column":53}}]}},"s":{"0":2,"1":2,"2":2,"3":0,"4":16,"5":2},"f":{"0":16,"1":0},"b":{"0":[16],"1":[16],"2":[0],"3":[5],"4":[16,16,9,1,1,8,8]}}
,"/Users/zane/playground/liquid-labs/semver-plus/src/version-compare.mjs": {"path":"/Users/zane/playground/liquid-labs/semver-plus/src/version-compare.mjs","statementMap":{"0":{"start":{"line":1,"column":0},"end":{"line":1,"column":null}},"1":{"start":{"line":3,"column":22},"end":{"line":16,"column":1}},"2":{"start":{"line":5,"column":2},"end":{"line":13,"column":null}},"3":{"start":{"line":5,"column":15},"end":{"line":5,"column":16}},"4":{"start":{"line":6,"column":20},"end":{"line":6,"column":31}},"5":{"start":{"line":7,"column":4},"end":{"line":12,"column":null}},"6":{"start":{"line":8,"column":6},"end":{"line":8,"column":null}},"7":{"start":{"line":10,"column":9},"end":{"line":12,"column":null}},"8":{"start":{"line":11,"column":6},"end":{"line":11,"column":null}},"9":{"start":{"line":15,"column":2},"end":{"line":15,"column":null}},"10":{"start":{"line":18,"column":19},"end":{"line":26,"column":1}},"11":{"start":{"line":19,"column":2},"end":{"line":21,"column":null}},"12":{"start":{"line":20,"column":4},"end":{"line":20,"column":null}},"13":{"start":{"line":23,"column":2},"end":{"line":23,"column":null}},"14":{"start":{"line":25,"column":2},"end":{"line":25,"column":null}},"15":{"start":{"line":25,"column":73},"end":{"line":25,"column":95}},"16":{"start":{"line":26,"column":1},"end":{"line":26,"column":null}},"17":{"start":{"line":28,"column":19},"end":{"line":36,"column":1}},"18":{"start":{"line":29,"column":2},"end":{"line":31,"column":null}},"19":{"start":{"line":30,"column":4},"end":{"line":30,"column":null}},"20":{"start":{"line":33,"column":2},"end":{"line":33,"column":null}},"21":{"start":{"line":35,"column":2},"end":{"line":35,"column":null}},"22":{"start":{"line":35,"column":73},"end":{"line":35,"column":95}},"23":{"start":{"line":36,"column":1},"end":{"line":36,"column":null}},"24":{"start":{"line":38,"column":28},"end":{"line":55,"column":1}},"25":{"start":{"line":39,"column":2},"end":{"line":52,"column":null}},"26":{"start":{"line":40,"column":18},"end":{"line":40,"column":48}},"27":{"start":{"line":42,"column":4},"end":{"line":49,"column":null}},"28":{"start":{"line":43,"column":6},"end":{"line":48,"column":null}},"29":{"start":{"line":44,"column":8},"end":{"line":44,"column":null}},"30":{"start":{"line":47,"column":8},"end":{"line":47,"column":null}},"31":{"start":{"line":51,"column":4},"end":{"line":51,"column":null}},"32":{"start":{"line":54,"column":2},"end":{"line":54,"column":null}}},"fnMap":{"0":{"name":"(anonymous_0)","decl":{"start":{"line":3,"column":22},"end":{"line":3,"column":23}},"loc":{"start":{"line":3,"column":65},"end":{"line":16,"column":1}}},"1":{"name":"(anonymous_1)","decl":{"start":{"line":18,"column":19},"end":{"line":18,"column":20}},"loc":{"start":{"line":18,"column":56},"end":{"line":26,"column":1}}},"2":{"name":"(anonymous_2)","decl":{"start":{"line":25,"column":63},"end":{"line":25,"column":64}},"loc":{"start":{"line":25,"column":73},"end":{"line":25,"column":95}}},"3":{"name":"(anonymous_3)","decl":{"start":{"line":28,"column":19},"end":{"line":28,"column":20}},"loc":{"start":{"line":28,"column":56},"end":{"line":36,"column":1}}},"4":{"name":"(anonymous_4)","decl":{"start":{"line":35,"column":63},"end":{"line":35,"column":64}},"loc":{"start":{"line":35,"column":73},"end":{"line":35,"column":95}}},"5":{"name":"(anonymous_5)","decl":{"start":{"line":38,"column":28},"end":{"line":38,"column":29}},"loc":{"start":{"line":38,"column":65},"end":{"line":55,"column":1}}},"6":{"name":"(anonymous_6)","decl":{"start":{"line":39,"column":30},"end":{"line":39,"column":37}},"loc":{"start":{"line":39,"column":42},"end":{"line":52,"column":3}}}},"branchMap":{"0":{"loc":{"start":{"line":7,"column":4},"end":{"line":12,"column":null}},"type":"if","locations":[{"start":{"line":7,"column":4},"end":{"line":12,"column":null}},{"start":{"line":10,"column":9},"end":{"line":12,"column":null}}]},"1":{"loc":{"start":{"line":10,"column":9},"end":{"line":12,"column":null}},"type":"if","locations":[{"start":{"line":10,"column":9},"end":{"line":12,"column":null}}]},"2":{"loc":{"start":{"line":19,"column":2},"end":{"line":21,"column":null}},"type":"if","locations":[{"start":{"line":19,"column":2},"end":{"line":21,"column":null}}]},"3":{"loc":{"start":{"line":19,"column":6},"end":{"line":19,"column":40}},"type":"binary-expr","locations":[{"start":{"line":19,"column":6},"end":{"line":19,"column":15}},{"start":{"line":19,"column":19},"end":{"line":19,"column":40}}]},"4":{"loc":{"start":{"line":29,"column":2},"end":{"line":31,"column":null}},"type":"if","locations":[{"start":{"line":29,"column":2},"end":{"line":31,"column":null}}]},"5":{"loc":{"start":{"line":29,"column":6},"end":{"line":29,"column":40}},"type":"binary-expr","locations":[{"start":{"line":29,"column":6},"end":{"line":29,"column":15}},{"start":{"line":29,"column":19},"end":{"line":29,"column":40}}]},"6":{"loc":{"start":{"line":42,"column":4},"end":{"line":49,"column":null}},"type":"if","locations":[{"start":{"line":42,"column":4},"end":{"line":49,"column":null}}]},"7":{"loc":{"start":{"line":43,"column":6},"end":{"line":48,"column":null}},"type":"if","locations":[{"start":{"line":43,"column":6},"end":{"line":48,"column":null}},{"start":{"line":46,"column":11},"end":{"line":48,"column":null}}]}},"s":{"0":1,"1":1,"2":14,"3":14,"4":30,"5":30,"6":14,"7":16,"8":8,"9":14,"10":1,"11":9,"12":1,"13":8,"14":7,"15":0,"16":1,"17":1,"18":9,"19":1,"20":8,"21":7,"22":0,"23":1,"24":1,"25":16,"26":38,"27":38,"28":6,"29":4,"30":2,"31":32,"32":14},"f":{"0":14,"1":9,"2":0,"3":9,"4":0,"5":16,"6":38},"b":{"0":[14,16],"1":[8],"2":[1],"3":[9,9],"4":[1],"5":[9,9],"6":[6],"7":[4,2]}}
,"/Users/zane/playground/liquid-labs/semver-plus/src/x-sort.mjs": {"path":"/Users/zane/playground/liquid-labs/semver-plus/src/x-sort.mjs","statementMap":{"0":{"start":{"line":1,"column":0},"end":{"line":1,"column":null}},"1":{"start":{"line":3,"column":0},"end":{"line":3,"column":null}},"2":{"start":{"line":4,"column":0},"end":{"line":4,"column":null}},"3":{"start":{"line":9,"column":15},"end":{"line":100,"column":1}},"4":{"start":{"line":11,"column":19},"end":{"line":11,"column":21}},"5":{"start":{"line":12,"column":17},"end":{"line":12,"column":19}},"6":{"start":{"line":15,"column":2},"end":{"line":15,"column":null}},"7":{"start":{"line":15,"column":60},"end":{"line":15,"column":78}},"8":{"start":{"line":17,"column":2},"end":{"line":36,"column":null}},"9":{"start":{"line":18,"column":4},"end":{"line":35,"column":null}},"10":{"start":{"line":19,"column":6},"end":{"line":19,"column":null}},"11":{"start":{"line":22,"column":22},"end":{"line":22,"column":50}},"12":{"start":{"line":23,"column":6},"end":{"line":34,"column":null}},"13":{"start":{"line":24,"column":8},"end":{"line":24,"column":null}},"14":{"start":{"line":27,"column":22},"end":{"line":27,"column":55}},"15":{"start":{"line":28,"column":8},"end":{"line":33,"column":null}},"16":{"start":{"line":29,"column":10},"end":{"line":29,"column":null}},"17":{"start":{"line":32,"column":10},"end":{"line":32,"column":null}},"18":{"start":{"line":38,"column":25},"end":{"line":38,"column":54}},"19":{"start":{"line":40,"column":23},"end":{"line":56,"column":4}},"20":{"start":{"line":41,"column":23},"end":{"line":41,"column":35}},"21":{"start":{"line":42,"column":23},"end":{"line":42,"column":35}},"22":{"start":{"line":44,"column":4},"end":{"line":55,"column":null}},"23":{"start":{"line":45,"column":6},"end":{"line":45,"column":null}},"24":{"start":{"line":47,"column":9},"end":{"line":55,"column":null}},"25":{"start":{"line":48,"column":6},"end":{"line":48,"column":null}},"26":{"start":{"line":50,"column":9},"end":{"line":55,"column":null}},"27":{"start":{"line":51,"column":6},"end":{"line":51,"column":null}},"28":{"start":{"line":54,"column":6},"end":{"line":54,"column":null}},"29":{"start":{"line":58,"column":2},"end":{"line":63,"column":null}},"30":{"start":{"line":59,"column":4},"end":{"line":59,"column":null}},"31":{"start":{"line":61,"column":7},"end":{"line":63,"column":null}},"32":{"start":{"line":62,"column":4},"end":{"line":62,"column":null}},"33":{"start":{"line":65,"column":20},"end":{"line":65,"column":33}},"34":{"start":{"line":67,"column":25},"end":{"line":67,"column":30}},"35":{"start":{"line":68,"column":2},"end":{"line":97,"column":null}},"36":{"start":{"line":69,"column":4},"end":{"line":72,"column":null}},"37":{"start":{"line":70,"column":6},"end":{"line":70,"column":null}},"38":{"start":{"line":71,"column":6},"end":{"line":71,"column":null}},"39":{"start":{"line":74,"column":24},"end":{"line":74,"column":67}},"40":{"start":{"line":75,"column":4},"end":{"line":96,"column":null}},"41":{"start":{"line":76,"column":33},"end":{"line":76,"column":63}},"42":{"start":{"line":80,"column":32},"end":{"line":80,"column":111}},"43":{"start":{"line":80,"column":92},"end":{"line":80,"column":110}},"44":{"start":{"line":81,"column":6},"end":{"line":87,"column":null}},"45":{"start":{"line":82,"column":8},"end":{"line":82,"column":null}},"46":{"start":{"line":83,"column":8},"end":{"line":83,"column":null}},"47":{"start":{"line":86,"column":8},"end":{"line":86,"column":null}},"48":{"start":{"line":89,"column":9},"end":{"line":96,"column":null}},"49":{"start":{"line":90,"column":33},"end":{"line":90,"column":69}},"50":{"start":{"line":91,"column":6},"end":{"line":91,"column":null}},"51":{"start":{"line":93,"column":9},"end":{"line":96,"column":null}},"52":{"start":{"line":94,"column":6},"end":{"line":94,"column":null}},"53":{"start":{"line":95,"column":6},"end":{"line":95,"column":null}},"54":{"start":{"line":99,"column":2},"end":{"line":99,"column":null}},"55":{"start":{"line":100,"column":1},"end":{"line":100,"column":null}}},"fnMap":{"0":{"name":"(anonymous_0)","decl":{"start":{"line":9,"column":15},"end":{"line":9,"column":32}},"loc":{"start":{"line":9,"column":37},"end":{"line":100,"column":1}}},"1":{"name":"(anonymous_1)","decl":{"start":{"line":15,"column":47},"end":{"line":15,"column":48}},"loc":{"start":{"line":15,"column":60},"end":{"line":15,"column":78}}},"2":{"name":"(anonymous_2)","decl":{"start":{"line":40,"column":35},"end":{"line":40,"column":36}},"loc":{"start":{"line":40,"column":45},"end":{"line":56,"column":3}}},"3":{"name":"(anonymous_3)","decl":{"start":{"line":80,"column":83},"end":{"line":80,"column":87}},"loc":{"start":{"line":80,"column":92},"end":{"line":80,"column":110}}}},"branchMap":{"0":{"loc":{"start":{"line":18,"column":4},"end":{"line":35,"column":null}},"type":"if","locations":[{"start":{"line":18,"column":4},"end":{"line":35,"column":null}},{"start":{"line":21,"column":9},"end":{"line":35,"column":null}}]},"1":{"loc":{"start":{"line":23,"column":6},"end":{"line":34,"column":null}},"type":"if","locations":[{"start":{"line":23,"column":6},"end":{"line":34,"column":null}},{"start":{"line":26,"column":11},"end":{"line":34,"column":null}}]},"2":{"loc":{"start":{"line":28,"column":8},"end":{"line":33,"column":null}},"type":"if","locations":[{"start":{"line":28,"column":8},"end":{"line":33,"column":null}},{"start":{"line":31,"column":13},"end":{"line":33,"column":null}}]},"3":{"loc":{"start":{"line":44,"column":4},"end":{"line":55,"column":null}},"type":"if","locations":[{"start":{"line":44,"column":4},"end":{"line":55,"column":null}},{"start":{"line":47,"column":9},"end":{"line":55,"column":null}}]},"4":{"loc":{"start":{"line":44,"column":8},"end":{"line":44,"column":50}},"type":"binary-expr","locations":[{"start":{"line":44,"column":8},"end":{"line":44,"column":27}},{"start":{"line":44,"column":31},"end":{"line":44,"column":50}}]},"5":{"loc":{"start":{"line":47,"column":9},"end":{"line":55,"column":null}},"type":"if","locations":[{"start":{"line":47,"column":9},"end":{"line":55,"column":null}},{"start":{"line":50,"column":9},"end":{"line":55,"column":null}}]},"6":{"loc":{"start":{"line":50,"column":9},"end":{"line":55,"column":null}},"type":"if","locations":[{"start":{"line":50,"column":9},"end":{"line":55,"column":null}},{"start":{"line":53,"column":9},"end":{"line":55,"column":null}}]},"7":{"loc":{"start":{"line":58,"column":2},"end":{"line":63,"column":null}},"type":"if","locations":[{"start":{"line":58,"column":2},"end":{"line":63,"column":null}},{"start":{"line":61,"column":7},"end":{"line":63,"column":null}}]},"8":{"loc":{"start":{"line":61,"column":7},"end":{"line":63,"column":null}},"type":"if","locations":[{"start":{"line":61,"column":7},"end":{"line":63,"column":null}}]},"9":{"loc":{"start":{"line":69,"column":4},"end":{"line":72,"column":null}},"type":"if","locations":[{"start":{"line":69,"column":4},"end":{"line":72,"column":null}}]},"10":{"loc":{"start":{"line":75,"column":4},"end":{"line":96,"column":null}},"type":"if","locations":[{"start":{"line":75,"column":4},"end":{"line":96,"column":null}},{"start":{"line":89,"column":9},"end":{"line":96,"column":null}}]},"11":{"loc":{"start":{"line":81,"column":6},"end":{"line":87,"column":null}},"type":"if","locations":[{"start":{"line":81,"column":6},"end":{"line":87,"column":null}},{"start":{"line":85,"column":11},"end":{"line":87,"column":null}}]},"12":{"loc":{"start":{"line":89,"column":9},"end":{"line":96,"column":null}},"type":"if","locations":[{"start":{"line":89,"column":9},"end":{"line":96,"column":null}},{"start":{"line":93,"column":9},"end":{"line":96,"column":null}}]},"13":{"loc":{"start":{"line":93,"column":9},"end":{"line":96,"column":null}},"type":"if","locations":[{"start":{"line":93,"column":9},"end":{"line":96,"column":null}}]}},"s":{"0":1,"1":1,"2":1,"3":1,"4":16,"5":16,"6":16,"7":47,"8":16,"9":47,"10":26,"11":21,"12":21,"13":21,"14":0,"15":0,"16":0,"17":0,"18":16,"19":16,"20":20,"21":20,"22":20,"23":0,"24":20,"25":0,"26":20,"27":7,"28":13,"29":16,"30":3,"31":13,"32":4,"33":9,"34":9,"35":9,"36":19,"37":9,"38":9,"39":10,"40":10,"41":8,"42":8,"43":1,"44":8,"45":7,"46":7,"47":1,"48":2,"49":1,"50":1,"51":1,"52":1,"53":1,"54":9,"55":1},"f":{"0":16,"1":47,"2":20,"3":1},"b":{"0":[26,21],"1":[21,0],"2":[0,0],"3":[0,20],"4":[20,0],"5":[0,20],"6":[7,13],"7":[3,13],"8":[4],"9":[9],"10":[8,2],"11":[7,1],"12":[1,1],"13":[1]}}
}
